[2022-02-16 18:24:46] ../Aerosol/MODIS Aqua C6.1 - Aerosol 5-Min L2 Swath 3km/2017/001/MYD04_3K.A2017001.0630.061.2018029074532_hist.png is created...
[2022-02-16 18:24:53] ../Aerosol/MODIS Aqua C6.1 - Aerosol 5-Min L2 Swath 3km/2017/001/MYD04_3K.A2017001.0135.061.2018029075226_hist.png is created...
[2022-02-16 18:24:55] ../Aerosol/MODIS Aqua C6.1 - Aerosol 5-Min L2 Swath 3km/2017/001/MYD04_3K.A2017001.0705.061.2018029075314_hist.png is created...
[2022-02-16 18:24:54] ../Aerosol/MODIS Aqua C6.1 - Aerosol 5-Min L2 Swath 3km/2017/001/MYD04_3K.A2017001.0515.061.2018029074917_hist.png is created...
[2022-02-16 18:24:59] ../Aerosol/MODIS Aqua C6.1 - Aerosol 5-Min L2 Swath 3km/2017/001/MYD04_3K.A2017001.0335.061.2018029075053_hist.png is created...
[2022-02-16 18:24:59] ../Aerosol/MODIS Aqua C6.1 - Aerosol 5-Min L2 Swath 3km/2017/001/MYD04_3K.A2017001.0630.061.2018029074532_map.png is created...
[2022-02-16 18:24:59] ../Aerosol/MODIS Aqua C6.1 - Aerosol 5-Min L2 Swath 3km/2017/001/MYD04_3K.A2017001.1025.061.2018029075513_hist.png is created...
[2022-02-16 18:25:00] ../Aerosol/MODIS Aqua C6.1 - Aerosol 5-Min L2 Swath 3km/2017/001/MYD04_3K.A2017001.0310.061.2018029074803_hist.png is created...
[2022-02-16 18:25:00] ../Aerosol/MODIS Aqua C6.1 - Aerosol 5-Min L2 Swath 3km/2017/001/MYD04_3K.A2017001.0845.061.2018029074648_hist.png is created...
[2022-02-16 18:25:01] ../Aerosol/MODIS Aqua C6.1 - Aerosol 5-Min L2 Swath 3km/2017/001/MYD04_3K.A2017001.0450.061.2018029074431_hist.png is created...
[2022-02-16 18:25:01] ../Aerosol/MODIS Aqua C6.1 - Aerosol 5-Min L2 Swath 3km/2017/001/MYD04_3K.A2017001.0130.061.2018029075004_hist.png is created...
[2022-02-16 18:25:01] ../Aerosol/MODIS Aqua C6.1 - Aerosol 5-Min L2 Swath 3km/2017/001/MYD04_3K.A2017001.0805.061.2018029074321_hist.png is created...
[2022-02-16 18:25:01] ../Aerosol/MODIS Aqua C6.1 - Aerosol 5-Min L2 Swath 3km/2017/001/MYD04_3K.A2017001.0010.061.2018029075237_hist.png is created...
[2022-02-16 18:25:01] ../Aerosol/MODIS Aqua C6.1 - Aerosol 5-Min L2 Swath 3km/2017/001/MYD04_3K.A2017001.0350.061.2018029075117_hist.png is created...
[2022-02-16 18:25:02] ../Aerosol/MODIS Aqua C6.1 - Aerosol 5-Min L2 Swath 3km/2017/001/MYD04_3K.A2017001.0020.061.2018029075749_hist.png is created...
[2022-02-16 18:25:02] ../Aerosol/MODIS Aqua C6.1 - Aerosol 5-Min L2 Swath 3km/2017/001/MYD04_3K.A2017001.0945.061.2018029074913_hist.png is created...
[2022-02-16 18:25:02] ../Aerosol/MODIS Aqua C6.1 - Aerosol 5-Min L2 Swath 3km/2017/001/MYD04_3K.A2017001.1120.061.2018029074917_hist.png is created...
[2022-02-16 18:25:02] ../Aerosol/MODIS Aqua C6.1 - Aerosol 5-Min L2 Swath 3km/2017/001/MYD04_3K.A2017001.0035.061.2018029075047_hist.png is created...
[2022-02-16 18:25:04] ../Aerosol/MODIS Aqua C6.1 - Aerosol 5-Min L2 Swath 3km/2017/001/MYD04_3K.A2017001.0135.061.2018029075226_map.png is created...
[2022-02-16 18:25:06] ../Aerosol/MODIS Aqua C6.1 - Aerosol 5-Min L2 Swath 3km/2017/001/MYD04_3K.A2017001.0305.061.2018029074920_hist.png is created...
[2022-02-16 18:25:06] ../Aerosol/MODIS Aqua C6.1 - Aerosol 5-Min L2 Swath 3km/2017/001/MYD04_3K.A2017001.0530.061.2018029075357_hist.png is created...
[2022-02-16 18:25:07] ../Aerosol/MODIS Aqua C6.1 - Aerosol 5-Min L2 Swath 3km/2017/001/MYD04_3K.A2017001.1130.061.2018029075209_hist.png is created...
[2022-02-16 18:25:08] ../Aerosol/MODIS Aqua C6.1 - Aerosol 5-Min L2 Swath 3km/2017/001/MYD04_3K.A2017001.0950.061.2018029075434_hist.png is created...
[2022-02-16 18:25:09] ../Aerosol/MODIS Aqua C6.1 - Aerosol 5-Min L2 Swath 3km/2017/001/MYD04_3K.A2017001.0310.061.2018029074803_map.png is created...
[2022-02-16 18:25:10] ../Aerosol/MODIS Aqua C6.1 - Aerosol 5-Min L2 Swath 3km/2017/001/MYD04_3K.A2017001.0450.061.2018029074431_map.png is created...
[2022-02-16 18:25:10] ../Aerosol/MODIS Aqua C6.1 - Aerosol 5-Min L2 Swath 3km/2017/001/MYD04_3K.A2017001.0130.061.2018029075004_map.png is created...
[2022-02-16 18:25:11] ../Aerosol/MODIS Aqua C6.1 - Aerosol 5-Min L2 Swath 3km/2017/001/MYD04_3K.A2017001.0010.061.2018029075237_map.png is created...
[2022-02-16 18:25:11] ../Aerosol/MODIS Aqua C6.1 - Aerosol 5-Min L2 Swath 3km/2017/001/MYD04_3K.A2017001.0805.061.2018029074321_map.png is created...
[2022-02-16 18:25:11] ../Aerosol/MODIS Aqua C6.1 - Aerosol 5-Min L2 Swath 3km/2017/001/MYD04_3K.A2017001.0015.061.2018029075131_hist.png is created...
[2022-02-16 18:25:12] ../Aerosol/MODIS Aqua C6.1 - Aerosol 5-Min L2 Swath 3km/2017/001/MYD04_3K.A2017001.1120.061.2018029074917_map.png is created...
[2022-02-16 18:25:12] ../Aerosol/MODIS Aqua C6.1 - Aerosol 5-Min L2 Swath 3km/2017/001/MYD04_3K.A2017001.0020.061.2018029075749_map.png is created...
[2022-02-16 18:25:17] ../Aerosol/MODIS Aqua C6.1 - Aerosol 5-Min L2 Swath 3km/2017/001/MYD04_3K.A2017001.0820.061.2018029075523_hist.png is created...
[2022-02-16 18:25:18] ../Aerosol/MODIS Aqua C6.1 - Aerosol 5-Min L2 Swath 3km/2017/001/MYD04_3K.A2017001.1135.061.2018029074457_hist.png is created...
[2022-02-16 18:25:19] ../Aerosol/MODIS Aqua C6.1 - Aerosol 5-Min L2 Swath 3km/2017/001/MYD04_3K.A2017001.0345.061.2018029074825_hist.png is created...
[2022-02-16 18:25:20] ../Aerosol/MODIS Aqua C6.1 - Aerosol 5-Min L2 Swath 3km/2017/001/MYD04_3K.A2017001.0015.061.2018029075131_map.png is created...
[2022-02-16 18:25:21] ../Aerosol/MODIS Aqua C6.1 - Aerosol 5-Min L2 Swath 3km/2017/001/MYD04_3K.A2017001.0700.061.2018029075451_hist.png is created...
[2022-02-16 18:25:21] ../Aerosol/MODIS Aqua C6.1 - Aerosol 5-Min L2 Swath 3km/2017/001/MYD04_3K.A2017001.1005.061.2018029074640_hist.png is created...
[2022-02-16 18:25:21] ../Aerosol/MODIS Aqua C6.1 - Aerosol 5-Min L2 Swath 3km/2017/001/MYD04_3K.A2017001.0350.061.2018029075117_map.png is created...
[2022-02-16 18:25:21] ../Aerosol/MODIS Aqua C6.1 - Aerosol 5-Min L2 Swath 3km/2017/001/MYD04_3K.A2017001.0505.061.2018029075313_hist.png is created...
[2022-02-16 18:25:22] ../Aerosol/MODIS Aqua C6.1 - Aerosol 5-Min L2 Swath 3km/2017/001/MYD04_3K.A2017001.0200.061.2018029075238_hist.png is created...
[2022-02-16 18:25:23] ../Aerosol/MODIS Aqua C6.1 - Aerosol 5-Min L2 Swath 3km/2017/001/MYD04_3K.A2017001.0325.061.2018029075203_hist.png is created...
[2022-02-16 18:25:23] ../Aerosol/MODIS Aqua C6.1 - Aerosol 5-Min L2 Swath 3km/2017/001/MYD04_3K.A2017001.0655.061.2018029075523_hist.png is created...
[2022-02-16 18:25:23] ../Aerosol/MODIS Aqua C6.1 - Aerosol 5-Min L2 Swath 3km/2017/001/MYD04_3K.A2017001.0035.061.2018029075047_map.png is created...
[2022-02-16 18:25:24] ../Aerosol/MODIS Aqua C6.1 - Aerosol 5-Min L2 Swath 3km/2017/001/MYD04_3K.A2017001.0005.061.2018029075607_map.png is created...
[2022-02-16 18:25:24] ../Aerosol/MODIS Aqua C6.1 - Aerosol 5-Min L2 Swath 3km/2017/001/MYD04_3K.A2017001.0950.061.2018029075434_map.png is created...
[2022-02-16 18:25:25] ../Aerosol/MODIS Aqua C6.1 - Aerosol 5-Min L2 Swath 3km/2017/001/MYD04_3K.A2017001.0820.061.2018029075523_map.png is created...
[2022-02-16 18:25:25] ../Aerosol/MODIS Aqua C6.1 - Aerosol 5-Min L2 Swath 3km/2017/001/MYD04_3K.A2017001.1135.061.2018029074457_map.png is created...
[2022-02-16 18:25:26] ../Aerosol/MODIS Aqua C6.1 - Aerosol 5-Min L2 Swath 3km/2017/001/MYD04_3K.A2017001.0515.061.2018029074917_map.png is created...
[2022-02-16 18:25:27] ../Aerosol/MODIS Aqua C6.1 - Aerosol 5-Min L2 Swath 3km/2017/001/MYD04_3K.A2017001.0520.061.2018029075347_hist.png is created...
[2022-02-16 18:25:27] ../Aerosol/MODIS Aqua C6.1 - Aerosol 5-Min L2 Swath 3km/2017/001/MYD04_3K.A2017001.1130.061.2018029075209_map.png is created...
[2022-02-16 18:25:28] ../Aerosol/MODIS Aqua C6.1 - Aerosol 5-Min L2 Swath 3km/2017/001/MYD04_3K.A2017001.0845.061.2018029074648_map.png is created...
[2022-02-16 18:25:28] ../Aerosol/MODIS Aqua C6.1 - Aerosol 5-Min L2 Swath 3km/2017/001/MYD04_3K.A2017001.0455.061.2018029074423_map.png is created...
[2022-02-16 18:25:29] ../Aerosol/MODIS Aqua C6.1 - Aerosol 5-Min L2 Swath 3km/2017/001/MYD04_3K.A2017001.1005.061.2018029074640_map.png is created...
[2022-02-16 18:25:29] ../Aerosol/MODIS Aqua C6.1 - Aerosol 5-Min L2 Swath 3km/2017/001/MYD04_3K.A2017001.0505.061.2018029075313_map.png is created...
[2022-02-16 18:25:30] ../Aerosol/MODIS Aqua C6.1 - Aerosol 5-Min L2 Swath 3km/2017/001/MYD04_3K.A2017001.0200.061.2018029075238_map.png is created...
[2022-02-16 18:25:31] ../Aerosol/MODIS Aqua C6.1 - Aerosol 5-Min L2 Swath 3km/2017/001/MYD04_3K.A2017001.0325.061.2018029075203_map.png is created...
[2022-02-16 18:25:31] ../Aerosol/MODIS Aqua C6.1 - Aerosol 5-Min L2 Swath 3km/2017/001/MYD04_3K.A2017001.1025.061.2018029075513_map.png is created...
[2022-02-16 18:25:32] ../Aerosol/MODIS Aqua C6.1 - Aerosol 5-Min L2 Swath 3km/2017/001/MYD04_3K.A2017001.0210.061.2018029075426_hist.png is created...
[2022-02-16 18:25:33] ../Aerosol/MODIS Aqua C6.1 - Aerosol 5-Min L2 Swath 3km/2017/001/MYD04_3K.A2017001.0305.061.2018029074920_map.png is created...
[2022-02-16 18:25:33] ../Aerosol/MODIS Aqua C6.1 - Aerosol 5-Min L2 Swath 3km/2017/001/MYD04_3K.A2017001.0525.061.2018029074646_hist.png is created...
[2022-02-16 18:25:33] ../Aerosol/MODIS Aqua C6.1 - Aerosol 5-Min L2 Swath 3km/2017/001/MYD04_3K.A2017001.1140.061.2018029074929_hist.png is created...
[2022-02-16 18:25:33] ../Aerosol/MODIS Aqua C6.1 - Aerosol 5-Min L2 Swath 3km/2017/001/MYD04_3K.A2017001.0345.061.2018029074825_map.png is created...
[2022-02-16 18:25:33] ../Aerosol/MODIS Aqua C6.1 - Aerosol 5-Min L2 Swath 3km/2017/001/MYD04_3K.A2017001.0955.061.2018029074340_hist.png is created...
[2022-02-16 18:25:33] ../Aerosol/MODIS Aqua C6.1 - Aerosol 5-Min L2 Swath 3km/2017/001/MYD04_3K.A2017001.0640.061.2018029075650_hist.png is created...
[2022-02-16 18:25:33] ../Aerosol/MODIS Aqua C6.1 - Aerosol 5-Min L2 Swath 3km/2017/001/MYD04_3K.A2017001.0340.061.2018029074851_hist.png is created...
[2022-02-16 18:25:34] ../Aerosol/MODIS Aqua C6.1 - Aerosol 5-Min L2 Swath 3km/2017/001/MYD04_3K.A2017001.0825.061.2018029075557_hist.png is created...
[2022-02-16 18:25:36] ../Aerosol/MODIS Aqua C6.1 - Aerosol 5-Min L2 Swath 3km/2017/001/MYD04_3K.A2017001.1145.061.2018029075623_hist.png is created...
[2022-02-16 18:25:35] ../Aerosol/MODIS Aqua C6.1 - Aerosol 5-Min L2 Swath 3km/2017/001/MYD04_3K.A2017001.0500.061.2018029074604_hist.png is created...
[2022-02-16 18:25:34] ../Aerosol/MODIS Aqua C6.1 - Aerosol 5-Min L2 Swath 3km/2017/001/MYD04_3K.A2017001.1000.061.2018029074428_hist.png is created...
[2022-02-16 18:25:36] ../Aerosol/MODIS Aqua C6.1 - Aerosol 5-Min L2 Swath 3km/2017/001/MYD04_3K.A2017001.0330.061.2018029075543_hist.png is created...
[2022-02-16 18:25:36] ../Aerosol/MODIS Aqua C6.1 - Aerosol 5-Min L2 Swath 3km/2017/001/MYD04_3K.A2017001.1155.061.2018029074544_map.png is created...
[2022-02-16 18:25:37] ../Aerosol/MODIS Aqua C6.1 - Aerosol 5-Min L2 Swath 3km/2017/001/MYD04_3K.A2017001.1020.061.2018029075148_hist.png is created...
[2022-02-16 18:25:36] ../Aerosol/MODIS Aqua C6.1 - Aerosol 5-Min L2 Swath 3km/2017/001/MYD04_3K.A2017001.0145.061.2018029074623_hist.png is created...
[2022-02-16 18:25:37] ../Aerosol/MODIS Aqua C6.1 - Aerosol 5-Min L2 Swath 3km/2017/001/MYD04_3K.A2017001.0635.061.2018029074925_hist.png is created...
[2022-02-16 18:25:39] ../Aerosol/MODIS Aqua C6.1 - Aerosol 5-Min L2 Swath 3km/2017/001/MYD04_3K.A2017001.0520.061.2018029075347_map.png is created...
[2022-02-16 18:25:39] ../Aerosol/MODIS Aqua C6.1 - Aerosol 5-Min L2 Swath 3km/2017/001/MYD04_3K.A2017001.0530.061.2018029075357_map.png is created...
[2022-02-16 18:25:40] ../Aerosol/MODIS Aqua C6.1 - Aerosol 5-Min L2 Swath 3km/2017/001/MYD04_3K.A2017001.1140.061.2018029074929_map.png is created...
[2022-02-16 18:25:42] ../Aerosol/MODIS Aqua C6.1 - Aerosol 5-Min L2 Swath 3km/2017/001/MYD04_3K.A2017001.0825.061.2018029075557_map.png is created...
[2022-02-16 18:25:43] ../Aerosol/MODIS Aqua C6.1 - Aerosol 5-Min L2 Swath 3km/2017/001/MYD04_3K.A2017001.0955.061.2018029074340_map.png is created...
[2022-02-16 18:25:44] ../Aerosol/MODIS Aqua C6.1 - Aerosol 5-Min L2 Swath 3km/2017/001/MYD04_3K.A2017001.0640.061.2018029075650_map.png is created...
[2022-02-16 18:25:44] ../Aerosol/MODIS Aqua C6.1 - Aerosol 5-Min L2 Swath 3km/2017/001/MYD04_3K.A2017001.0635.061.2018029074925_map.png is created...
[2022-02-16 18:25:45] ../Aerosol/MODIS Aqua C6.1 - Aerosol 5-Min L2 Swath 3km/2017/001/MYD04_3K.A2017001.0210.061.2018029075426_map.png is created...
[2022-02-16 18:25:46] ../Aerosol/MODIS Aqua C6.1 - Aerosol 5-Min L2 Swath 3km/2017/001/MYD04_3K.A2017001.0815.061.2018029074623_map.png is created...
[2022-02-16 18:25:46] ../Aerosol/MODIS Aqua C6.1 - Aerosol 5-Min L2 Swath 3km/2017/001/MYD04_3K.A2017001.0645.061.2018029074457_map.png is created...
[2022-02-16 18:25:46] ../Aerosol/MODIS Aqua C6.1 - Aerosol 5-Min L2 Swath 3km/2017/001/MYD04_3K.A2017001.0025.061.2018029075154_map.png is created...
[2022-02-16 18:25:46] ../Aerosol/MODIS Aqua C6.1 - Aerosol 5-Min L2 Swath 3km/2017/001/MYD04_3K.A2017001.0030.061.2018029074502_map.png is created...
[2022-02-16 18:25:47] ../Aerosol/MODIS Aqua C6.1 - Aerosol 5-Min L2 Swath 3km/2017/001/MYD04_3K.A2017001.0315.061.2018029074807_map.png is created...
[2022-02-16 18:25:47] ../Aerosol/MODIS Aqua C6.1 - Aerosol 5-Min L2 Swath 3km/2017/001/MYD04_3K.A2017001.0150.061.2018029074835_map.png is created...
[2022-02-16 18:25:48] ../Aerosol/MODIS Aqua C6.1 - Aerosol 5-Min L2 Swath 3km/2017/001/MYD04_3K.A2017001.0205.061.2018029075024_map.png is created...
[2022-02-16 18:25:48] ../Aerosol/MODIS Aqua C6.1 - Aerosol 5-Min L2 Swath 3km/2017/001/MYD04_3K.A2017001.0320.061.2018029074656_map.png is created...
[2022-02-16 18:25:49] ../Aerosol/MODIS Aqua C6.1 - Aerosol 5-Min L2 Swath 3km/2017/001/MYD04_3K.A2017001.0155.061.2018029075530_map.png is created...
[2022-02-16 18:25:49] ../Aerosol/MODIS Aqua C6.1 - Aerosol 5-Min L2 Swath 3km/2017/001/MYD04_3K.A2017001.0830.061.2018029074809_map.png is created...
[2022-02-16 18:25:49] ../Aerosol/MODIS Aqua C6.1 - Aerosol 5-Min L2 Swath 3km/2017/001/MYD04_3K.A2017001.0835.061.2018029074604_map.png is created...
[2022-02-16 18:25:50] ../Aerosol/MODIS Aqua C6.1 - Aerosol 5-Min L2 Swath 3km/2017/001/MYD04_3K.A2017001.1145.061.2018029075623_map.png is created...
[2022-02-16 18:25:50] ../Aerosol/MODIS Aqua C6.1 - Aerosol 5-Min L2 Swath 3km/2017/001/MYD04_3K.A2017001.1015.061.2018029075345_map.png is created...
[2022-02-16 18:25:51] ../Aerosol/MODIS Aqua C6.1 - Aerosol 5-Min L2 Swath 3km/2017/001/MYD04_3K.A2017001.1020.061.2018029075148_map.png is created...
[2022-02-16 18:59:46] ../Aerosol/MODIS Aqua C6.1 - Aerosol 5-Min L2 Swath 10km/2002/185/MYD04_L2.A2002185.0045.061.2018003214507_hist.png is created...
[2022-02-16 18:59:58] ../Aerosol/MODIS Aqua C6.1 - Aerosol 5-Min L2 Swath 10km/2002/185/MYD04_L2.A2002185.0120.061.2018003214607_hist.png is created...
[2022-02-16 19:00:00] ../Aerosol/MODIS Aqua C6.1 - Aerosol 5-Min L2 Swath 10km/2002/185/MYD04_L2.A2002185.0130.061.2018003214441_hist.png is created...
[2022-02-16 19:00:09] ../Aerosol/MODIS Aqua C6.1 - Aerosol 5-Min L2 Swath 10km/2002/185/MYD04_L2.A2002185.0940.061.2018003214413_hist.png is created...
[2022-02-16 19:00:11] ../Aerosol/MODIS Aqua C6.1 - Aerosol 5-Min L2 Swath 10km/2002/185/MYD04_L2.A2002185.0620.061.2018003214138_hist.png is created...
[2022-02-16 19:00:15] ../Aerosol/MODIS Aqua C6.1 - Aerosol 5-Min L2 Swath 10km/2002/186/MYD04_L2.A2002186.0710.061.2018003213805_hist.png is created...
[2022-02-16 19:00:17] ../Aerosol/MODIS Aqua C6.1 - Aerosol 5-Min L2 Swath 10km/2002/185/MYD04_L2.A2002185.1215.061.2018003214142_hist.png is created...
[2022-02-16 19:00:19] ../Aerosol/MODIS Aqua C6.1 - Aerosol 5-Min L2 Swath 10km/2002/186/MYD04_L2.A2002186.0305.061.2018003214013_hist.png is created...
[2022-02-16 19:00:26] ../Aerosol/MODIS Aqua C6.1 - Aerosol 5-Min L2 Swath 10km/2002/185/MYD04_L2.A2002185.0945.061.2018003214458_hist.png is created...
[2022-02-16 19:00:26] ../Aerosol/MODIS Aqua C6.1 - Aerosol 5-Min L2 Swath 10km/2002/185/MYD04_L2.A2002185.0100.061.2018003214602_hist.png is created...
[2022-02-16 19:00:32] ../Aerosol/MODIS Aqua C6.1 - Aerosol 5-Min L2 Swath 10km/2002/187/MYD04_L2.A2002187.1840.061.2018003215217_hist.png is created...
[2022-02-16 19:00:35] ../Aerosol/MODIS Aqua C6.1 - Aerosol 5-Min L2 Swath 10km/2002/185/MYD04_L2.A2002185.1755.061.2018003214339_hist.png is created...
[2022-02-16 19:00:35] ../Aerosol/MODIS Aqua C6.1 - Aerosol 5-Min L2 Swath 10km/2002/185/MYD04_L2.A2002185.0625.061.2018003214535_hist.png is created...
[2022-02-16 19:00:36] ../Aerosol/MODIS Aqua C6.1 - Aerosol 5-Min L2 Swath 10km/2002/186/MYD04_L2.A2002186.0210.061.2018003213935_hist.png is created...
[2022-02-16 19:00:38] ../Aerosol/MODIS Aqua C6.1 - Aerosol 5-Min L2 Swath 10km/2002/186/MYD04_L2.A2002186.0530.061.2018003214139_hist.png is created...
[2022-02-16 19:00:41] ../Aerosol/MODIS Aqua C6.1 - Aerosol 5-Min L2 Swath 10km/2002/185/MYD04_L2.A2002185.0225.061.2018003214708_hist.png is created...
[2022-02-16 19:00:41] ../Aerosol/MODIS Aqua C6.1 - Aerosol 5-Min L2 Swath 10km/2002/186/MYD04_L2.A2002186.0350.061.2018003214306_hist.png is created...
[2022-02-16 19:00:44] ../Aerosol/MODIS Aqua C6.1 - Aerosol 5-Min L2 Swath 10km/2002/186/MYD04_L2.A2002186.0025.061.2018003214014_hist.png is created...
[2022-02-16 19:00:44] ../Aerosol/MODIS Aqua C6.1 - Aerosol 5-Min L2 Swath 10km/2002/185/MYD04_L2.A2002185.0125.061.2018003214434_hist.png is created...
[2022-02-16 19:00:46] ../Aerosol/MODIS Aqua C6.1 - Aerosol 5-Min L2 Swath 10km/2002/187/MYD04_L2.A2002187.0030.061.2018003214528_hist.png is created...
[2022-02-16 19:00:48] ../Aerosol/MODIS Aqua C6.1 - Aerosol 5-Min L2 Swath 10km/2002/185/MYD04_L2.A2002185.1120.061.2018003214349_hist.png is created...
[2022-02-16 19:00:49] ../Aerosol/MODIS Aqua C6.1 - Aerosol 5-Min L2 Swath 10km/2002/185/MYD04_L2.A2002185.2030.061.2018003214053_hist.png is created...
[2022-02-16 19:00:50] ../Aerosol/MODIS Aqua C6.1 - Aerosol 5-Min L2 Swath 10km/2002/186/MYD04_L2.A2002186.1200.061.2018003213835_hist.png is created...
[2022-02-16 19:00:51] ../Aerosol/MODIS Aqua C6.1 - Aerosol 5-Min L2 Swath 10km/2002/186/MYD04_L2.A2002186.0335.061.2018003214003_hist.png is created...
[2022-02-16 19:00:52] ../Aerosol/MODIS Aqua C6.1 - Aerosol 5-Min L2 Swath 10km/2002/186/MYD04_L2.A2002186.0330.061.2018003213838_hist.png is created...
[2022-02-16 19:00:53] ../Aerosol/MODIS Aqua C6.1 - Aerosol 5-Min L2 Swath 10km/2002/185/MYD04_L2.A2002185.0735.061.2018003214817_hist.png is created...
[2022-02-16 19:00:54] ../Aerosol/MODIS Aqua C6.1 - Aerosol 5-Min L2 Swath 10km/2002/185/MYD04_L2.A2002185.0935.061.2018003214315_hist.png is created...
[2022-02-16 19:00:54] ../Aerosol/MODIS Aqua C6.1 - Aerosol 5-Min L2 Swath 10km/2002/185/MYD04_L2.A2002185.0250.061.2018003214508_hist.png is created...
[2022-02-16 19:00:54] ../Aerosol/MODIS Aqua C6.1 - Aerosol 5-Min L2 Swath 10km/2002/185/MYD04_L2.A2002185.2210.061.2018003214107_hist.png is created...
[2022-02-16 19:00:55] ../Aerosol/MODIS Aqua C6.1 - Aerosol 5-Min L2 Swath 10km/2002/186/MYD04_L2.A2002186.0345.061.2018003213732_hist.png is created...
[2022-02-16 19:00:57] ../Aerosol/MODIS Aqua C6.1 - Aerosol 5-Min L2 Swath 10km/2002/185/MYD04_L2.A2002185.1930.061.2018003214153_hist.png is created...
[2022-02-16 19:00:57] ../Aerosol/MODIS Aqua C6.1 - Aerosol 5-Min L2 Swath 10km/2002/185/MYD04_L2.A2002185.1435.061.2018003214131_hist.png is created...
[2022-02-16 19:00:57] ../Aerosol/MODIS Aqua C6.1 - Aerosol 5-Min L2 Swath 10km/2002/185/MYD04_L2.A2002185.1615.061.2018003213920_hist.png is created...
[2022-02-16 19:00:57] ../Aerosol/MODIS Aqua C6.1 - Aerosol 5-Min L2 Swath 10km/2002/185/MYD04_L2.A2002185.0430.061.2018003214448_hist.png is created...
[2022-02-16 19:00:58] ../Aerosol/MODIS Aqua C6.1 - Aerosol 5-Min L2 Swath 10km/2002/185/MYD04_L2.A2002185.1535.061.2018003214203_hist.png is created...
[2022-02-16 19:00:58] ../Aerosol/MODIS Aqua C6.1 - Aerosol 5-Min L2 Swath 10km/2002/185/MYD04_L2.A2002185.2110.061.2018003213940_hist.png is created...
[2022-02-16 19:00:58] ../Aerosol/MODIS Aqua C6.1 - Aerosol 5-Min L2 Swath 10km/2002/185/MYD04_L2.A2002185.1300.061.2018003214720_hist.png is created...
[2022-02-16 19:01:01] ../Aerosol/MODIS Aqua C6.1 - Aerosol 5-Min L2 Swath 10km/2002/185/MYD04_L2.A2002185.0120.061.2018003214607_map.png is created...
[2022-02-16 19:01:02] ../Aerosol/MODIS Aqua C6.1 - Aerosol 5-Min L2 Swath 10km/2002/185/MYD04_L2.A2002185.2115.061.2018003214546_hist.png is created...
[2022-02-16 19:01:02] ../Aerosol/MODIS Aqua C6.1 - Aerosol 5-Min L2 Swath 10km/2002/185/MYD04_L2.A2002185.0110.061.2018003214510_hist.png is created...
[2022-02-16 19:01:02] ../Aerosol/MODIS Aqua C6.1 - Aerosol 5-Min L2 Swath 10km/2002/185/MYD04_L2.A2002185.2250.061.2018003214122_hist.png is created...
[2022-02-16 19:01:03] ../Aerosol/MODIS Aqua C6.1 - Aerosol 5-Min L2 Swath 10km/2002/186/MYD04_L2.A2002186.0205.061.2018003214137_hist.png is created...
[2022-02-16 19:01:03] ../Aerosol/MODIS Aqua C6.1 - Aerosol 5-Min L2 Swath 10km/2002/185/MYD04_L2.A2002185.2035.061.2018003214248_hist.png is created...
[2022-02-16 19:01:04] ../Aerosol/MODIS Aqua C6.1 - Aerosol 5-Min L2 Swath 10km/2002/185/MYD04_L2.A2002185.1935.061.2018003213957_hist.png is created...
[2022-02-16 19:01:04] ../Aerosol/MODIS Aqua C6.1 - Aerosol 5-Min L2 Swath 10km/2002/185/MYD04_L2.A2002185.1355.061.2018003214337_hist.png is created...
[2022-02-16 19:01:04] ../Aerosol/MODIS Aqua C6.1 - Aerosol 5-Min L2 Swath 10km/2002/185/MYD04_L2.A2002185.2225.061.2018003214506_hist.png is created...
[2022-02-16 19:01:04] ../Aerosol/MODIS Aqua C6.1 - Aerosol 5-Min L2 Swath 10km/2002/185/MYD04_L2.A2002185.0745.061.2018003214905_hist.png is created...
[2022-02-16 19:01:04] ../Aerosol/MODIS Aqua C6.1 - Aerosol 5-Min L2 Swath 10km/2002/186/MYD04_L2.A2002186.1700.061.2018003213705_hist.png is created...
[2022-02-16 19:01:04] ../Aerosol/MODIS Aqua C6.1 - Aerosol 5-Min L2 Swath 10km/2002/185/MYD04_L2.A2002185.1255.061.2018003214504_hist.png is created...
[2022-02-16 19:01:04] ../Aerosol/MODIS Aqua C6.1 - Aerosol 5-Min L2 Swath 10km/2002/185/MYD04_L2.A2002185.0740.061.2018003214442_hist.png is created...
[2022-02-16 19:01:05] ../Aerosol/MODIS Aqua C6.1 - Aerosol 5-Min L2 Swath 10km/2002/185/MYD04_L2.A2002185.0440.061.2018003214534_hist.png is created...
[2022-02-16 19:01:05] ../Aerosol/MODIS Aqua C6.1 - Aerosol 5-Min L2 Swath 10km/2002/185/MYD04_L2.A2002185.0055.061.2018003214846_hist.png is created...
[2022-02-16 19:01:05] ../Aerosol/MODIS Aqua C6.1 - Aerosol 5-Min L2 Swath 10km/2002/185/MYD04_L2.A2002185.1115.061.2018003214116_hist.png is created...
[2022-02-16 19:01:05] ../Aerosol/MODIS Aqua C6.1 - Aerosol 5-Min L2 Swath 10km/2002/185/MYD04_L2.A2002185.1610.061.2018003214041_hist.png is created...
[2022-02-16 19:01:06] ../Aerosol/MODIS Aqua C6.1 - Aerosol 5-Min L2 Swath 10km/2002/185/MYD04_L2.A2002185.2240.061.2018003214028_hist.png is created...
[2022-02-16 19:01:06] ../Aerosol/MODIS Aqua C6.1 - Aerosol 5-Min L2 Swath 10km/2002/185/MYD04_L2.A2002185.0605.061.2018003214353_hist.png is created...
[2022-02-16 19:01:06] ../Aerosol/MODIS Aqua C6.1 - Aerosol 5-Min L2 Swath 10km/2002/185/MYD04_L2.A2002185.2245.061.2018003213943_hist.png is created...
[2022-02-16 19:01:06] ../Aerosol/MODIS Aqua C6.1 - Aerosol 5-Min L2 Swath 10km/2002/185/MYD04_L2.A2002185.0555.061.2018003214506_hist.png is created...
[2022-02-16 19:01:06] ../Aerosol/MODIS Aqua C6.1 - Aerosol 5-Min L2 Swath 10km/2002/187/MYD04_L2.A2002187.2105.061.2018003215331_hist.png is created...
[2022-02-16 19:01:06] ../Aerosol/MODIS Aqua C6.1 - Aerosol 5-Min L2 Swath 10km/2002/185/MYD04_L2.A2002185.0750.061.2018003214813_hist.png is created...
[2022-02-16 19:01:06] ../Aerosol/MODIS Aqua C6.1 - Aerosol 5-Min L2 Swath 10km/2002/185/MYD04_L2.A2002185.0300.061.2018003214618_hist.png is created...
[2022-02-16 19:01:06] ../Aerosol/MODIS Aqua C6.1 - Aerosol 5-Min L2 Swath 10km/2002/185/MYD04_L2.A2002185.2350.061.2018003214122_hist.png is created...
[2022-02-16 19:01:06] ../Aerosol/MODIS Aqua C6.1 - Aerosol 5-Min L2 Swath 10km/2002/186/MYD04_L2.A2002186.0705.061.2018003214051_hist.png is created...
[2022-02-16 19:01:06] ../Aerosol/MODIS Aqua C6.1 - Aerosol 5-Min L2 Swath 10km/2002/185/MYD04_L2.A2002185.2235.061.2018003214441_hist.png is created...
[2022-02-16 19:01:07] ../Aerosol/MODIS Aqua C6.1 - Aerosol 5-Min L2 Swath 10km/2002/185/MYD04_L2.A2002185.1415.061.2018003214745_hist.png is created...
[2022-02-16 19:01:07] ../Aerosol/MODIS Aqua C6.1 - Aerosol 5-Min L2 Swath 10km/2002/185/MYD04_L2.A2002185.2055.061.2018003214246_hist.png is created...
[2022-02-16 19:01:07] ../Aerosol/MODIS Aqua C6.1 - Aerosol 5-Min L2 Swath 10km/2002/185/MYD04_L2.A2002185.1240.061.2018003215421_hist.png is created...
[2022-02-16 19:01:07] ../Aerosol/MODIS Aqua C6.1 - Aerosol 5-Min L2 Swath 10km/2002/185/MYD04_L2.A2002185.0105.061.2018003214421_hist.png is created...
[2022-02-16 19:01:07] ../Aerosol/MODIS Aqua C6.1 - Aerosol 5-Min L2 Swath 10km/2002/185/MYD04_L2.A2002185.0050.061.2018003214835_hist.png is created...
[2022-02-16 19:01:07] ../Aerosol/MODIS Aqua C6.1 - Aerosol 5-Min L2 Swath 10km/2002/185/MYD04_L2.A2002185.2230.061.2018003213931_hist.png is created...
[2022-02-16 19:01:07] ../Aerosol/MODIS Aqua C6.1 - Aerosol 5-Min L2 Swath 10km/2002/185/MYD04_L2.A2002185.1715.061.2018003213938_hist.png is created...
[2022-02-16 19:01:07] ../Aerosol/MODIS Aqua C6.1 - Aerosol 5-Min L2 Swath 10km/2002/185/MYD04_L2.A2002185.2105.061.2018003214038_hist.png is created...
[2022-02-16 19:01:07] ../Aerosol/MODIS Aqua C6.1 - Aerosol 5-Min L2 Swath 10km/2002/186/MYD04_L2.A2002186.0840.061.2018003214233_hist.png is created...
[2022-02-16 19:01:08] ../Aerosol/MODIS Aqua C6.1 - Aerosol 5-Min L2 Swath 10km/2002/186/MYD04_L2.A2002186.2330.061.2018003213620_hist.png is created...
[2022-02-16 19:01:08] ../Aerosol/MODIS Aqua C6.1 - Aerosol 5-Min L2 Swath 10km/2002/185/MYD04_L2.A2002185.0615.061.2018003215021_hist.png is created...
[2022-02-16 19:01:08] ../Aerosol/MODIS Aqua C6.1 - Aerosol 5-Min L2 Swath 10km/2002/185/MYD04_L2.A2002185.0720.061.2018003214524_hist.png is created...
[2022-02-16 19:01:08] ../Aerosol/MODIS Aqua C6.1 - Aerosol 5-Min L2 Swath 10km/2002/186/MYD04_L2.A2002186.2340.061.2018003213652_hist.png is created...
[2022-02-16 19:01:08] ../Aerosol/MODIS Aqua C6.1 - Aerosol 5-Min L2 Swath 10km/2002/185/MYD04_L2.A2002185.0610.061.2018003214720_hist.png is created...
[2022-02-16 19:01:09] ../Aerosol/MODIS Aqua C6.1 - Aerosol 5-Min L2 Swath 10km/2002/185/MYD04_L2.A2002185.0915.061.2018003214343_hist.png is created...
[2022-02-16 19:01:09] ../Aerosol/MODIS Aqua C6.1 - Aerosol 5-Min L2 Swath 10km/2002/186/MYD04_L2.A2002186.0030.061.2018003214042_hist.png is created...
[2022-02-16 19:01:10] ../Aerosol/MODIS Aqua C6.1 - Aerosol 5-Min L2 Swath 10km/2002/185/MYD04_L2.A2002185.1055.061.2018003214235_hist.png is created...
[2022-02-16 19:01:11] ../Aerosol/MODIS Aqua C6.1 - Aerosol 5-Min L2 Swath 10km/2002/186/MYD04_L2.A2002186.1755.061.2018003213632_hist.png is created...
[2022-02-16 19:01:11] ../Aerosol/MODIS Aqua C6.1 - Aerosol 5-Min L2 Swath 10km/2002/185/MYD04_L2.A2002185.0240.061.2018003214621_hist.png is created...
[2022-02-16 19:01:11] ../Aerosol/MODIS Aqua C6.1 - Aerosol 5-Min L2 Swath 10km/2002/186/MYD04_L2.A2002186.1205.061.2018003213925_hist.png is created...
[2022-02-16 19:01:11] ../Aerosol/MODIS Aqua C6.1 - Aerosol 5-Min L2 Swath 10km/2002/186/MYD04_L2.A2002186.0130.061.2018003214145_hist.png is created...
[2022-02-16 19:01:11] ../Aerosol/MODIS Aqua C6.1 - Aerosol 5-Min L2 Swath 10km/2002/187/MYD04_L2.A2002187.0210.061.2018003214903_hist.png is created...
[2022-02-16 19:01:11] ../Aerosol/MODIS Aqua C6.1 - Aerosol 5-Min L2 Swath 10km/2002/185/MYD04_L2.A2002185.0600.061.2018003214452_hist.png is created...
[2022-02-16 19:01:12] ../Aerosol/MODIS Aqua C6.1 - Aerosol 5-Min L2 Swath 10km/2002/187/MYD04_L2.A2002187.1425.061.2018003215150_hist.png is created...
[2022-02-16 19:01:12] ../Aerosol/MODIS Aqua C6.1 - Aerosol 5-Min L2 Swath 10km/2002/187/MYD04_L2.A2002187.0755.061.2018003214747_hist.png is created...
[2022-02-16 19:01:12] ../Aerosol/MODIS Aqua C6.1 - Aerosol 5-Min L2 Swath 10km/2002/186/MYD04_L2.A2002186.0650.061.2018003213907_hist.png is created...
[2022-02-16 19:01:12] ../Aerosol/MODIS Aqua C6.1 - Aerosol 5-Min L2 Swath 10km/2002/188/MYD04_L2.A2002188.0520.061.2018003215749_hist.png is created...
[2022-02-16 19:01:12] ../Aerosol/MODIS Aqua C6.1 - Aerosol 5-Min L2 Swath 10km/2002/186/MYD04_L2.A2002186.1525.061.2018003213727_hist.png is created...
[2022-02-16 19:01:13] ../Aerosol/MODIS Aqua C6.1 - Aerosol 5-Min L2 Swath 10km/2002/186/MYD04_L2.A2002186.0015.061.2018003214129_hist.png is created...
[2022-02-16 19:01:13] ../Aerosol/MODIS Aqua C6.1 - Aerosol 5-Min L2 Swath 10km/2002/186/MYD04_L2.A2002186.0945.061.2018003213939_hist.png is created...
[2022-02-16 19:01:13] ../Aerosol/MODIS Aqua C6.1 - Aerosol 5-Min L2 Swath 10km/2002/187/MYD04_L2.A2002187.1105.061.2018003215102_hist.png is created...
[2022-02-16 19:01:13] ../Aerosol/MODIS Aqua C6.1 - Aerosol 5-Min L2 Swath 10km/2002/186/MYD04_L2.A2002186.1935.061.2018003213636_hist.png is created...
[2022-02-16 19:01:14] ../Aerosol/MODIS Aqua C6.1 - Aerosol 5-Min L2 Swath 10km/2002/187/MYD04_L2.A2002187.1250.061.2018003214950_hist.png is created...
[2022-02-16 19:01:14] ../Aerosol/MODIS Aqua C6.1 - Aerosol 5-Min L2 Swath 10km/2002/186/MYD04_L2.A2002186.0200.061.2018003214022_hist.png is created...
[2022-02-16 19:01:14] ../Aerosol/MODIS Aqua C6.1 - Aerosol 5-Min L2 Swath 10km/2002/186/MYD04_L2.A2002186.1020.061.2018003214009_hist.png is created...
[2022-02-16 19:01:15] ../Aerosol/MODIS Aqua C6.1 - Aerosol 5-Min L2 Swath 10km/2002/187/MYD04_L2.A2002187.0615.061.2018003215056_hist.png is created...
[2022-02-16 19:01:15] ../Aerosol/MODIS Aqua C6.1 - Aerosol 5-Min L2 Swath 10km/2002/185/MYD04_L2.A2002185.0940.061.2018003214413_map.png is created...
[2022-02-16 19:01:15] ../Aerosol/MODIS Aqua C6.1 - Aerosol 5-Min L2 Swath 10km/2002/187/MYD04_L2.A2002187.2245.061.2018003215404_hist.png is created...
[2022-02-16 19:01:15] ../Aerosol/MODIS Aqua C6.1 - Aerosol 5-Min L2 Swath 10km/2002/186/MYD04_L2.A2002186.1345.061.2018003213630_hist.png is created...
[2022-02-16 19:01:16] ../Aerosol/MODIS Aqua C6.1 - Aerosol 5-Min L2 Swath 10km/2002/185/MYD04_L2.A2002185.1425.061.2018003214040_hist.png is created...
[2022-02-16 19:01:16] ../Aerosol/MODIS Aqua C6.1 - Aerosol 5-Min L2 Swath 10km/2002/186/MYD04_L2.A2002186.1330.061.2018003213852_hist.png is created...
[2022-02-16 19:01:17] ../Aerosol/MODIS Aqua C6.1 - Aerosol 5-Min L2 Swath 10km/2002/185/MYD04_L2.A2002185.0305.061.2018003214304_map.png is created...
[2022-02-16 19:01:18] ../Aerosol/MODIS Aqua C6.1 - Aerosol 5-Min L2 Swath 10km/2002/186/MYD04_L2.A2002186.0655.061.2018003214023_hist.png is created...
[2022-02-16 19:01:18] ../Aerosol/MODIS Aqua C6.1 - Aerosol 5-Min L2 Swath 10km/2002/186/MYD04_L2.A2002186.1025.061.2018003213958_hist.png is created...
[2022-02-16 19:01:18] ../Aerosol/MODIS Aqua C6.1 - Aerosol 5-Min L2 Swath 10km/2002/186/MYD04_L2.A2002186.0825.061.2018003213920_hist.png is created...
[2022-02-16 19:01:19] ../Aerosol/MODIS Aqua C6.1 - Aerosol 5-Min L2 Swath 10km/2002/185/MYD04_L2.A2002185.1925.061.2018003214224_hist.png is created...
[2022-02-16 19:01:19] ../Aerosol/MODIS Aqua C6.1 - Aerosol 5-Min L2 Swath 10km/2002/187/MYD04_L2.A2002187.1745.061.2018003215250_hist.png is created...
[2022-02-16 19:01:19] ../Aerosol/MODIS Aqua C6.1 - Aerosol 5-Min L2 Swath 10km/2002/185/MYD04_L2.A2002185.1250.061.2018003214223_hist.png is created...
[2022-02-16 19:01:19] ../Aerosol/MODIS Aqua C6.1 - Aerosol 5-Min L2 Swath 10km/2002/187/MYD04_L2.A2002187.1225.061.2018003220334_hist.png is created...
[2022-02-16 19:01:20] ../Aerosol/MODIS Aqua C6.1 - Aerosol 5-Min L2 Swath 10km/2002/186/MYD04_L2.A2002186.0845.061.2018003213842_hist.png is created...
[2022-02-16 19:01:20] ../Aerosol/MODIS Aqua C6.1 - Aerosol 5-Min L2 Swath 10km/2002/187/MYD04_L2.A2002187.1740.061.2018003215149_hist.png is created...
[2022-02-16 19:01:20] ../Aerosol/MODIS Aqua C6.1 - Aerosol 5-Min L2 Swath 10km/2002/187/MYD04_L2.A2002187.2240.061.2018003215445_hist.png is created...
[2022-02-16 19:01:20] ../Aerosol/MODIS Aqua C6.1 - Aerosol 5-Min L2 Swath 10km/2002/185/MYD04_L2.A2002185.1040.061.2018003214451_hist.png is created...
[2022-02-16 19:01:20] ../Aerosol/MODIS Aqua C6.1 - Aerosol 5-Min L2 Swath 10km/2002/187/MYD04_L2.A2002187.0435.061.2018003214921_hist.png is created...
[2022-02-16 19:01:20] ../Aerosol/MODIS Aqua C6.1 - Aerosol 5-Min L2 Swath 10km/2002/186/MYD04_L2.A2002186.1950.061.2018003213750_hist.png is created...
[2022-02-16 19:01:20] ../Aerosol/MODIS Aqua C6.1 - Aerosol 5-Min L2 Swath 10km/2002/186/MYD04_L2.A2002186.2115.061.2018003213814_hist.png is created...
[2022-02-16 19:01:21] ../Aerosol/MODIS Aqua C6.1 - Aerosol 5-Min L2 Swath 10km/2002/186/MYD04_L2.A2002186.0340.061.2018003214341_hist.png is created...
[2022-02-16 19:01:21] ../Aerosol/MODIS Aqua C6.1 - Aerosol 5-Min L2 Swath 10km/2002/185/MYD04_L2.A2002185.1915.061.2018003214123_hist.png is created...
[2022-02-16 19:01:21] ../Aerosol/MODIS Aqua C6.1 - Aerosol 5-Min L2 Swath 10km/2002/187/MYD04_L2.A2002187.0610.061.2018003214849_hist.png is created...
[2022-02-16 19:01:21] ../Aerosol/MODIS Aqua C6.1 - Aerosol 5-Min L2 Swath 10km/2002/187/MYD04_L2.A2002187.2335.061.2018003215503_hist.png is created...
[2022-02-16 19:01:21] ../Aerosol/MODIS Aqua C6.1 - Aerosol 5-Min L2 Swath 10km/2002/187/MYD04_L2.A2002187.1245.061.2018003215147_hist.png is created...
[2022-02-16 19:01:22] ../Aerosol/MODIS Aqua C6.1 - Aerosol 5-Min L2 Swath 10km/2002/187/MYD04_L2.A2002187.1110.061.2018003215152_hist.png is created...
[2022-02-16 19:01:22] ../Aerosol/MODIS Aqua C6.1 - Aerosol 5-Min L2 Swath 10km/2002/186/MYD04_L2.A2002186.1840.061.2018003213818_hist.png is created...
[2022-02-16 19:01:22] ../Aerosol/MODIS Aqua C6.1 - Aerosol 5-Min L2 Swath 10km/2002/187/MYD04_L2.A2002187.2230.061.2018003215441_hist.png is created...
[2022-02-16 19:01:22] ../Aerosol/MODIS Aqua C6.1 - Aerosol 5-Min L2 Swath 10km/2002/186/MYD04_L2.A2002186.0505.061.2018003213951_hist.png is created...
[2022-02-16 19:01:22] ../Aerosol/MODIS Aqua C6.1 - Aerosol 5-Min L2 Swath 10km/2002/186/MYD04_L2.A2002186.1335.061.2018003213948_hist.png is created...
[2022-02-16 19:01:22] ../Aerosol/MODIS Aqua C6.1 - Aerosol 5-Min L2 Swath 10km/2002/186/MYD04_L2.A2002186.2015.061.2018003213718_hist.png is created...
[2022-02-16 19:01:22] ../Aerosol/MODIS Aqua C6.1 - Aerosol 5-Min L2 Swath 10km/2002/186/MYD04_L2.A2002186.0805.061.2018003214357_hist.png is created...
[2022-02-16 19:01:23] ../Aerosol/MODIS Aqua C6.1 - Aerosol 5-Min L2 Swath 10km/2002/186/MYD04_L2.A2002186.0520.061.2018003214254_hist.png is created...
[2022-02-16 19:01:23] ../Aerosol/MODIS Aqua C6.1 - Aerosol 5-Min L2 Swath 10km/2002/185/MYD04_L2.A2002185.0420.061.2018003214451_hist.png is created...
[2022-02-16 19:01:23] ../Aerosol/MODIS Aqua C6.1 - Aerosol 5-Min L2 Swath 10km/2002/185/MYD04_L2.A2002185.0235.061.2018003214806_hist.png is created...
[2022-02-16 19:01:23] ../Aerosol/MODIS Aqua C6.1 - Aerosol 5-Min L2 Swath 10km/2002/188/MYD04_L2.A2002188.0340.061.2018003215735_hist.png is created...
[2022-02-16 19:01:23] ../Aerosol/MODIS Aqua C6.1 - Aerosol 5-Min L2 Swath 10km/2002/185/MYD04_L2.A2002185.1750.061.2018003214134_hist.png is created...
[2022-02-16 19:01:23] ../Aerosol/MODIS Aqua C6.1 - Aerosol 5-Min L2 Swath 10km/2002/187/MYD04_L2.A2002187.0750.061.2018003214913_hist.png is created...
[2022-02-16 19:01:24] ../Aerosol/MODIS Aqua C6.1 - Aerosol 5-Min L2 Swath 10km/2002/186/MYD04_L2.A2002186.0950.061.2018003214204_hist.png is created...
[2022-02-16 19:01:24] ../Aerosol/MODIS Aqua C6.1 - Aerosol 5-Min L2 Swath 10km/2002/186/MYD04_L2.A2002186.0830.061.2018003214128_hist.png is created...
[2022-02-16 19:01:24] ../Aerosol/MODIS Aqua C6.1 - Aerosol 5-Min L2 Swath 10km/2002/187/MYD04_L2.A2002187.1735.061.2018003215322_hist.png is created...
[2022-02-16 19:01:24] ../Aerosol/MODIS Aqua C6.1 - Aerosol 5-Min L2 Swath 10km/2002/185/MYD04_L2.A2002185.1110.061.2018003214649_hist.png is created...
[2022-02-16 19:01:24] ../Aerosol/MODIS Aqua C6.1 - Aerosol 5-Min L2 Swath 10km/2002/185/MYD04_L2.A2002185.0620.061.2018003214138_map.png is created...
[2022-02-16 19:01:24] ../Aerosol/MODIS Aqua C6.1 - Aerosol 5-Min L2 Swath 10km/2002/187/MYD04_L2.A2002187.1420.061.2018003215119_hist.png is created...
[2022-02-16 19:01:25] ../Aerosol/MODIS Aqua C6.1 - Aerosol 5-Min L2 Swath 10km/2002/185/MYD04_L2.A2002185.2255.061.2018003214258_hist.png is created...
[2022-02-16 19:01:25] ../Aerosol/MODIS Aqua C6.1 - Aerosol 5-Min L2 Swath 10km/2002/185/MYD04_L2.A2002185.0545.061.2018003214627_hist.png is created...
[2022-02-16 19:01:25] ../Aerosol/MODIS Aqua C6.1 - Aerosol 5-Min L2 Swath 10km/2002/185/MYD04_L2.A2002185.1720.061.2018003214144_hist.png is created...
[2022-02-16 19:01:25] ../Aerosol/MODIS Aqua C6.1 - Aerosol 5-Min L2 Swath 10km/2002/187/MYD04_L2.A2002187.2100.061.2018003215404_hist.png is created...
[2022-02-16 19:01:25] ../Aerosol/MODIS Aqua C6.1 - Aerosol 5-Min L2 Swath 10km/2002/186/MYD04_L2.A2002186.1320.061.2018003214635_hist.png is created...
[2022-02-16 19:01:26] ../Aerosol/MODIS Aqua C6.1 - Aerosol 5-Min L2 Swath 10km/2002/185/MYD04_L2.A2002185.0245.061.2018003214551_hist.png is created...
[2022-02-16 19:01:26] ../Aerosol/MODIS Aqua C6.1 - Aerosol 5-Min L2 Swath 10km/2002/187/MYD04_L2.A2002187.1920.061.2018003215253_hist.png is created...
[2022-02-16 19:01:26] ../Aerosol/MODIS Aqua C6.1 - Aerosol 5-Min L2 Swath 10km/2002/185/MYD04_L2.A2002185.0925.061.2018003214852_hist.png is created...
[2022-02-16 19:01:26] ../Aerosol/MODIS Aqua C6.1 - Aerosol 5-Min L2 Swath 10km/2002/187/MYD04_L2.A2002187.1925.061.2018003215300_hist.png is created...
[2022-02-16 19:01:26] ../Aerosol/MODIS Aqua C6.1 - Aerosol 5-Min L2 Swath 10km/2002/187/MYD04_L2.A2002187.0715.061.2018003215202_hist.png is created...
[2022-02-16 19:01:27] ../Aerosol/MODIS Aqua C6.1 - Aerosol 5-Min L2 Swath 10km/2002/186/MYD04_L2.A2002186.2155.061.2018003213756_hist.png is created...
[2022-02-16 19:01:27] ../Aerosol/MODIS Aqua C6.1 - Aerosol 5-Min L2 Swath 10km/2002/185/MYD04_L2.A2002185.1905.061.2018003214201_hist.png is created...
[2022-02-16 19:01:27] ../Aerosol/MODIS Aqua C6.1 - Aerosol 5-Min L2 Swath 10km/2002/186/MYD04_L2.A2002186.1830.061.2018003214045_hist.png is created...
[2022-02-16 19:01:27] ../Aerosol/MODIS Aqua C6.1 - Aerosol 5-Min L2 Swath 10km/2002/186/MYD04_L2.A2002186.2120.061.2018003214009_hist.png is created...
[2022-02-16 19:01:28] ../Aerosol/MODIS Aqua C6.1 - Aerosol 5-Min L2 Swath 10km/2002/186/MYD04_L2.A2002186.1155.061.2018003214008_hist.png is created...
[2022-02-16 19:01:28] ../Aerosol/MODIS Aqua C6.1 - Aerosol 5-Min L2 Swath 10km/2002/185/MYD04_L2.A2002185.0225.061.2018003214708_map.png is created...
[2022-02-16 19:01:28] ../Aerosol/MODIS Aqua C6.1 - Aerosol 5-Min L2 Swath 10km/2002/187/MYD04_L2.A2002187.0430.061.2018003214710_hist.png is created...
[2022-02-16 19:01:29] ../Aerosol/MODIS Aqua C6.1 - Aerosol 5-Min L2 Swath 10km/2002/187/MYD04_L2.A2002187.2020.061.2018003215300_hist.png is created...
[2022-02-16 19:01:30] ../Aerosol/MODIS Aqua C6.1 - Aerosol 5-Min L2 Swath 10km/2002/187/MYD04_L2.A2002187.0105.061.2018003214657_hist.png is created...
[2022-02-16 19:01:30] ../Aerosol/MODIS Aqua C6.1 - Aerosol 5-Min L2 Swath 10km/2002/185/MYD04_L2.A2002185.0730.061.2018003214958_hist.png is created...
[2022-02-16 19:01:30] ../Aerosol/MODIS Aqua C6.1 - Aerosol 5-Min L2 Swath 10km/2002/186/MYD04_L2.A2002186.0140.061.2018003214045_hist.png is created...
[2022-02-16 19:01:30] ../Aerosol/MODIS Aqua C6.1 - Aerosol 5-Min L2 Swath 10km/2002/187/MYD04_L2.A2002187.1555.061.2018003215249_hist.png is created...
[2022-02-16 19:01:31] ../Aerosol/MODIS Aqua C6.1 - Aerosol 5-Min L2 Swath 10km/2002/186/MYD04_L2.A2002186.1315.061.2018003213824_hist.png is created...
[2022-02-16 19:01:31] ../Aerosol/MODIS Aqua C6.1 - Aerosol 5-Min L2 Swath 10km/2002/185/MYD04_L2.A2002185.0100.061.2018003214602_map.png is created...
[2022-02-16 19:01:32] ../Aerosol/MODIS Aqua C6.1 - Aerosol 5-Min L2 Swath 10km/2002/185/MYD04_L2.A2002185.0405.061.2018003214511_map.png is created...
[2022-02-16 19:01:33] ../Aerosol/MODIS Aqua C6.1 - Aerosol 5-Min L2 Swath 10km/2002/185/MYD04_L2.A2002185.0055.061.2018003214846_map.png is created...
[2022-02-16 19:01:33] ../Aerosol/MODIS Aqua C6.1 - Aerosol 5-Min L2 Swath 10km/2002/187/MYD04_L2.A2002187.2050.061.2018003215704_hist.png is created...
[2022-02-16 19:01:36] ../Aerosol/MODIS Aqua C6.1 - Aerosol 5-Min L2 Swath 10km/2002/185/MYD04_L2.A2002185.2350.061.2018003214122_map.png is created...
[2022-02-16 19:01:37] ../Aerosol/MODIS Aqua C6.1 - Aerosol 5-Min L2 Swath 10km/2002/186/MYD04_L2.A2002186.1015.061.2018003214138_hist.png is created...
[2022-02-16 19:01:37] ../Aerosol/MODIS Aqua C6.1 - Aerosol 5-Min L2 Swath 10km/2002/187/MYD04_L2.A2002187.1400.061.2018003215207_hist.png is created...
[2022-02-16 19:01:37] ../Aerosol/MODIS Aqua C6.1 - Aerosol 5-Min L2 Swath 10km/2002/185/MYD04_L2.A2002185.0550.061.2018003214922_hist.png is created...
[2022-02-16 19:01:38] ../Aerosol/MODIS Aqua C6.1 - Aerosol 5-Min L2 Swath 10km/2002/187/MYD04_L2.A2002187.1855.061.2018003215232_hist.png is created...
[2022-02-16 19:01:38] ../Aerosol/MODIS Aqua C6.1 - Aerosol 5-Min L2 Swath 10km/2002/187/MYD04_L2.A2002187.0220.061.2018003214838_hist.png is created...
[2022-02-16 19:01:39] ../Aerosol/MODIS Aqua C6.1 - Aerosol 5-Min L2 Swath 10km/2002/186/MYD04_L2.A2002186.0525.061.2018003214312_map.png is created...
[2022-02-16 19:01:40] ../Aerosol/MODIS Aqua C6.1 - Aerosol 5-Min L2 Swath 10km/2002/185/MYD04_L2.A2002185.0050.061.2018003214835_map.png is created...
[2022-02-16 19:01:42] ../Aerosol/MODIS Aqua C6.1 - Aerosol 5-Min L2 Swath 10km/2002/186/MYD04_L2.A2002186.0130.061.2018003214145_map.png is created...
[2022-02-16 19:01:42] ../Aerosol/MODIS Aqua C6.1 - Aerosol 5-Min L2 Swath 10km/2002/186/MYD04_L2.A2002186.0945.061.2018003213939_map.png is created...
[2022-02-16 19:01:43] ../Aerosol/MODIS Aqua C6.1 - Aerosol 5-Min L2 Swath 10km/2002/185/MYD04_L2.A2002185.2110.061.2018003213940_map.png is created...
[2022-02-16 19:01:44] ../Aerosol/MODIS Aqua C6.1 - Aerosol 5-Min L2 Swath 10km/2002/186/MYD04_L2.A2002186.0345.061.2018003213732_map.png is created...
[2022-02-16 19:01:45] ../Aerosol/MODIS Aqua C6.1 - Aerosol 5-Min L2 Swath 10km/2002/186/MYD04_L2.A2002186.1340.061.2018003213828_map.png is created...
[2022-02-16 19:01:46] ../Aerosol/MODIS Aqua C6.1 - Aerosol 5-Min L2 Swath 10km/2002/186/MYD04_L2.A2002186.0950.061.2018003214204_map.png is created...
[2022-02-16 19:01:46] ../Aerosol/MODIS Aqua C6.1 - Aerosol 5-Min L2 Swath 10km/2002/186/MYD04_L2.A2002186.2120.061.2018003214009_map.png is created...
[2022-02-16 19:01:46] ../Aerosol/MODIS Aqua C6.1 - Aerosol 5-Min L2 Swath 10km/2002/185/MYD04_L2.A2002185.0440.061.2018003214534_map.png is created...
[2022-02-16 19:01:48] ../Aerosol/MODIS Aqua C6.1 - Aerosol 5-Min L2 Swath 10km/2002/186/MYD04_L2.A2002186.0210.061.2018003213935_map.png is created...
[2022-02-16 19:01:48] ../Aerosol/MODIS Aqua C6.1 - Aerosol 5-Min L2 Swath 10km/2002/185/MYD04_L2.A2002185.2225.061.2018003214506_map.png is created...
[2022-02-16 19:01:48] ../Aerosol/MODIS Aqua C6.1 - Aerosol 5-Min L2 Swath 10km/2002/186/MYD04_L2.A2002186.1700.061.2018003213705_map.png is created...
[2022-02-16 19:01:49] ../Aerosol/MODIS Aqua C6.1 - Aerosol 5-Min L2 Swath 10km/2002/185/MYD04_L2.A2002185.1435.061.2018003214131_map.png is created...
[2022-02-16 19:01:49] ../Aerosol/MODIS Aqua C6.1 - Aerosol 5-Min L2 Swath 10km/2002/185/MYD04_L2.A2002185.0125.061.2018003214434_map.png is created...
[2022-02-16 19:01:49] ../Aerosol/MODIS Aqua C6.1 - Aerosol 5-Min L2 Swath 10km/2002/185/MYD04_L2.A2002185.0110.061.2018003214510_map.png is created...
[2022-02-16 19:01:49] ../Aerosol/MODIS Aqua C6.1 - Aerosol 5-Min L2 Swath 10km/2002/186/MYD04_L2.A2002186.0350.061.2018003214306_map.png is created...
[2022-02-16 19:01:50] ../Aerosol/MODIS Aqua C6.1 - Aerosol 5-Min L2 Swath 10km/2002/185/MYD04_L2.A2002185.0625.061.2018003214535_map.png is created...
[2022-02-16 19:01:50] ../Aerosol/MODIS Aqua C6.1 - Aerosol 5-Min L2 Swath 10km/2002/185/MYD04_L2.A2002185.0105.061.2018003214421_map.png is created...
[2022-02-16 19:01:51] ../Aerosol/MODIS Aqua C6.1 - Aerosol 5-Min L2 Swath 10km/2002/186/MYD04_L2.A2002186.0025.061.2018003214014_map.png is created...
[2022-02-16 19:01:51] ../Aerosol/MODIS Aqua C6.1 - Aerosol 5-Min L2 Swath 10km/2002/185/MYD04_L2.A2002185.0545.061.2018003214627_map.png is created...
[2022-02-16 19:01:51] ../Aerosol/MODIS Aqua C6.1 - Aerosol 5-Min L2 Swath 10km/2002/186/MYD04_L2.A2002186.0530.061.2018003214139_map.png is created...
[2022-02-16 19:01:52] ../Aerosol/MODIS Aqua C6.1 - Aerosol 5-Min L2 Swath 10km/2002/185/MYD04_L2.A2002185.1040.061.2018003214451_map.png is created...
[2022-02-16 19:01:52] ../Aerosol/MODIS Aqua C6.1 - Aerosol 5-Min L2 Swath 10km/2002/185/MYD04_L2.A2002185.1120.061.2018003214349_map.png is created...
[2022-02-16 19:01:52] ../Aerosol/MODIS Aqua C6.1 - Aerosol 5-Min L2 Swath 10km/2002/185/MYD04_L2.A2002185.0115.061.2018003214524_map.png is created...
[2022-02-16 19:01:52] ../Aerosol/MODIS Aqua C6.1 - Aerosol 5-Min L2 Swath 10km/2002/186/MYD04_L2.A2002186.0205.061.2018003214137_map.png is created...
[2022-02-16 19:01:52] ../Aerosol/MODIS Aqua C6.1 - Aerosol 5-Min L2 Swath 10km/2002/185/MYD04_L2.A2002185.1935.061.2018003213957_map.png is created...
[2022-02-16 19:01:52] ../Aerosol/MODIS Aqua C6.1 - Aerosol 5-Min L2 Swath 10km/2002/187/MYD04_L2.A2002187.0715.061.2018003215202_map.png is created...
[2022-02-16 19:01:53] ../Aerosol/MODIS Aqua C6.1 - Aerosol 5-Min L2 Swath 10km/2002/185/MYD04_L2.A2002185.0250.061.2018003214508_map.png is created...
[2022-02-16 19:01:53] ../Aerosol/MODIS Aqua C6.1 - Aerosol 5-Min L2 Swath 10km/2002/185/MYD04_L2.A2002185.2250.061.2018003214122_map.png is created...
[2022-02-16 19:01:53] ../Aerosol/MODIS Aqua C6.1 - Aerosol 5-Min L2 Swath 10km/2002/185/MYD04_L2.A2002185.2230.061.2018003213931_map.png is created...
[2022-02-16 19:01:53] ../Aerosol/MODIS Aqua C6.1 - Aerosol 5-Min L2 Swath 10km/2002/186/MYD04_L2.A2002186.0805.061.2018003214357_map.png is created...
[2022-02-16 19:01:53] ../Aerosol/MODIS Aqua C6.1 - Aerosol 5-Min L2 Swath 10km/2002/185/MYD04_L2.A2002185.1615.061.2018003213920_map.png is created...
[2022-02-16 19:01:53] ../Aerosol/MODIS Aqua C6.1 - Aerosol 5-Min L2 Swath 10km/2002/185/MYD04_L2.A2002185.2115.061.2018003214546_map.png is created...
[2022-02-16 19:01:53] ../Aerosol/MODIS Aqua C6.1 - Aerosol 5-Min L2 Swath 10km/2002/185/MYD04_L2.A2002185.0255.061.2018003214418_map.png is created...
[2022-02-16 19:01:54] ../Aerosol/MODIS Aqua C6.1 - Aerosol 5-Min L2 Swath 10km/2002/186/MYD04_L2.A2002186.0840.061.2018003214233_map.png is created...
[2022-02-16 19:01:54] ../Aerosol/MODIS Aqua C6.1 - Aerosol 5-Min L2 Swath 10km/2002/186/MYD04_L2.A2002186.0015.061.2018003214129_map.png is created...
[2022-02-16 19:01:55] ../Aerosol/MODIS Aqua C6.1 - Aerosol 5-Min L2 Swath 10km/2002/185/MYD04_L2.A2002185.0300.061.2018003214618_map.png is created...
[2022-02-16 19:01:55] ../Aerosol/MODIS Aqua C6.1 - Aerosol 5-Min L2 Swath 10km/2002/185/MYD04_L2.A2002185.0935.061.2018003214315_map.png is created...
[2022-02-16 19:01:55] ../Aerosol/MODIS Aqua C6.1 - Aerosol 5-Min L2 Swath 10km/2002/185/MYD04_L2.A2002185.2235.061.2018003214441_map.png is created...
[2022-02-16 19:01:56] ../Aerosol/MODIS Aqua C6.1 - Aerosol 5-Min L2 Swath 10km/2002/187/MYD04_L2.A2002187.1425.061.2018003215150_map.png is created...
[2022-02-16 19:01:57] ../Aerosol/MODIS Aqua C6.1 - Aerosol 5-Min L2 Swath 10km/2002/185/MYD04_L2.A2002185.1255.061.2018003214504_map.png is created...
[2022-02-16 19:01:57] ../Aerosol/MODIS Aqua C6.1 - Aerosol 5-Min L2 Swath 10km/2002/185/MYD04_L2.A2002185.0915.061.2018003214343_map.png is created...
[2022-02-16 19:01:57] ../Aerosol/MODIS Aqua C6.1 - Aerosol 5-Min L2 Swath 10km/2002/185/MYD04_L2.A2002185.1930.061.2018003214153_map.png is created...
[2022-02-16 19:01:57] ../Aerosol/MODIS Aqua C6.1 - Aerosol 5-Min L2 Swath 10km/2002/185/MYD04_L2.A2002185.2035.061.2018003214248_map.png is created...
[2022-02-16 19:01:57] ../Aerosol/MODIS Aqua C6.1 - Aerosol 5-Min L2 Swath 10km/2002/186/MYD04_L2.A2002186.2330.061.2018003213620_map.png is created...
[2022-02-16 19:01:57] ../Aerosol/MODIS Aqua C6.1 - Aerosol 5-Min L2 Swath 10km/2002/185/MYD04_L2.A2002185.1300.061.2018003214720_map.png is created...
[2022-02-16 19:01:57] ../Aerosol/MODIS Aqua C6.1 - Aerosol 5-Min L2 Swath 10km/2002/185/MYD04_L2.A2002185.1115.061.2018003214116_map.png is created...
[2022-02-16 19:01:58] ../Aerosol/MODIS Aqua C6.1 - Aerosol 5-Min L2 Swath 10km/2002/186/MYD04_L2.A2002186.1840.061.2018003213818_map.png is created...
[2022-02-16 19:01:58] ../Aerosol/MODIS Aqua C6.1 - Aerosol 5-Min L2 Swath 10km/2002/186/MYD04_L2.A2002186.0845.061.2018003213842_map.png is created...
[2022-02-16 19:01:58] ../Aerosol/MODIS Aqua C6.1 - Aerosol 5-Min L2 Swath 10km/2002/186/MYD04_L2.A2002186.0030.061.2018003214042_map.png is created...
[2022-02-16 19:01:58] ../Aerosol/MODIS Aqua C6.1 - Aerosol 5-Min L2 Swath 10km/2002/186/MYD04_L2.A2002186.1025.061.2018003213958_map.png is created...
[2022-02-16 19:01:58] ../Aerosol/MODIS Aqua C6.1 - Aerosol 5-Min L2 Swath 10km/2002/187/MYD04_L2.A2002187.1105.061.2018003215102_map.png is created...
[2022-02-16 19:01:59] ../Aerosol/MODIS Aqua C6.1 - Aerosol 5-Min L2 Swath 10km/2002/185/MYD04_L2.A2002185.0730.061.2018003214958_map.png is created...
[2022-02-16 19:01:59] ../Aerosol/MODIS Aqua C6.1 - Aerosol 5-Min L2 Swath 10km/2002/186/MYD04_L2.A2002186.0330.061.2018003213838_map.png is created...
[2022-02-16 19:01:59] ../Aerosol/MODIS Aqua C6.1 - Aerosol 5-Min L2 Swath 10km/2002/185/MYD04_L2.A2002185.2055.061.2018003214246_map.png is created...
[2022-02-16 19:01:59] ../Aerosol/MODIS Aqua C6.1 - Aerosol 5-Min L2 Swath 10km/2002/186/MYD04_L2.A2002186.2015.061.2018003213718_map.png is created...
[2022-02-16 19:02:00] ../Aerosol/MODIS Aqua C6.1 - Aerosol 5-Min L2 Swath 10km/2002/186/MYD04_L2.A2002186.2115.061.2018003213814_map.png is created...
[2022-02-16 19:02:00] ../Aerosol/MODIS Aqua C6.1 - Aerosol 5-Min L2 Swath 10km/2002/187/MYD04_L2.A2002187.2240.061.2018003215445_map.png is created...
[2022-02-16 19:02:00] ../Aerosol/MODIS Aqua C6.1 - Aerosol 5-Min L2 Swath 10km/2002/187/MYD04_L2.A2002187.1745.061.2018003215250_map.png is created...
[2022-02-16 19:02:00] ../Aerosol/MODIS Aqua C6.1 - Aerosol 5-Min L2 Swath 10km/2002/186/MYD04_L2.A2002186.0705.061.2018003214051_map.png is created...
[2022-02-16 19:02:00] ../Aerosol/MODIS Aqua C6.1 - Aerosol 5-Min L2 Swath 10km/2002/187/MYD04_L2.A2002187.2100.061.2018003215404_map.png is created...
[2022-02-16 19:02:00] ../Aerosol/MODIS Aqua C6.1 - Aerosol 5-Min L2 Swath 10km/2002/187/MYD04_L2.A2002187.1740.061.2018003215149_map.png is created...
[2022-02-16 19:02:00] ../Aerosol/MODIS Aqua C6.1 - Aerosol 5-Min L2 Swath 10km/2002/187/MYD04_L2.A2002187.0610.061.2018003214849_map.png is created...
[2022-02-16 19:02:01] ../Aerosol/MODIS Aqua C6.1 - Aerosol 5-Min L2 Swath 10km/2002/185/MYD04_L2.A2002185.0240.061.2018003214621_map.png is created...
[2022-02-16 19:02:01] ../Aerosol/MODIS Aqua C6.1 - Aerosol 5-Min L2 Swath 10km/2002/187/MYD04_L2.A2002187.1245.061.2018003215147_map.png is created...
[2022-02-16 19:02:02] ../Aerosol/MODIS Aqua C6.1 - Aerosol 5-Min L2 Swath 10km/2002/186/MYD04_L2.A2002186.1950.061.2018003213750_map.png is created...
[2022-02-16 19:02:02] ../Aerosol/MODIS Aqua C6.1 - Aerosol 5-Min L2 Swath 10km/2002/186/MYD04_L2.A2002186.1205.061.2018003213925_map.png is created...
[2022-02-16 19:02:03] ../Aerosol/MODIS Aqua C6.1 - Aerosol 5-Min L2 Swath 10km/2002/185/MYD04_L2.A2002185.0245.061.2018003214551_map.png is created...
[2022-02-16 19:02:03] ../Aerosol/MODIS Aqua C6.1 - Aerosol 5-Min L2 Swath 10km/2002/185/MYD04_L2.A2002185.0735.061.2018003214817_map.png is created...
[2022-02-16 19:02:03] ../Aerosol/MODIS Aqua C6.1 - Aerosol 5-Min L2 Swath 10km/2002/187/MYD04_L2.A2002187.1420.061.2018003215119_map.png is created...
[2022-02-16 19:02:04] ../Aerosol/MODIS Aqua C6.1 - Aerosol 5-Min L2 Swath 10km/2002/186/MYD04_L2.A2002186.1020.061.2018003214009_map.png is created...
[2022-02-16 19:02:05] ../Aerosol/MODIS Aqua C6.1 - Aerosol 5-Min L2 Swath 10km/2002/185/MYD04_L2.A2002185.0235.061.2018003214806_map.png is created...
[2022-02-16 19:02:05] ../Aerosol/MODIS Aqua C6.1 - Aerosol 5-Min L2 Swath 10km/2002/185/MYD04_L2.A2002185.0550.061.2018003214922_map.png is created...
[2022-02-16 19:02:05] ../Aerosol/MODIS Aqua C6.1 - Aerosol 5-Min L2 Swath 10km/2002/185/MYD04_L2.A2002185.1715.061.2018003213938_map.png is created...
[2022-02-16 19:02:05] ../Aerosol/MODIS Aqua C6.1 - Aerosol 5-Min L2 Swath 10km/2002/185/MYD04_L2.A2002185.1415.061.2018003214745_map.png is created...
[2022-02-16 19:02:05] ../Aerosol/MODIS Aqua C6.1 - Aerosol 5-Min L2 Swath 10km/2002/187/MYD04_L2.A2002187.0220.061.2018003214838_map.png is created...
[2022-02-16 19:02:07] ../Aerosol/MODIS Aqua C6.1 - Aerosol 5-Min L2 Swath 10km/2002/186/MYD04_L2.A2002186.0020.061.2018003214008_map.png is created...
[2022-02-16 19:02:08] ../Aerosol/MODIS Aqua C6.1 - Aerosol 5-Min L2 Swath 10km/2002/186/MYD04_L2.A2002186.0140.061.2018003214045_map.png is created...
[2022-02-16 19:02:08] ../Aerosol/MODIS Aqua C6.1 - Aerosol 5-Min L2 Swath 10km/2002/187/MYD04_L2.A2002187.0750.061.2018003214913_map.png is created...
[2022-02-16 19:02:08] ../Aerosol/MODIS Aqua C6.1 - Aerosol 5-Min L2 Swath 10km/2002/187/MYD04_L2.A2002187.1920.061.2018003215253_map.png is created...
[2022-02-16 19:02:08] ../Aerosol/MODIS Aqua C6.1 - Aerosol 5-Min L2 Swath 10km/2002/185/MYD04_L2.A2002185.1750.061.2018003214134_map.png is created...
[2022-02-16 19:02:09] ../Aerosol/MODIS Aqua C6.1 - Aerosol 5-Min L2 Swath 10km/2002/187/MYD04_L2.A2002187.1225.061.2018003220334_map.png is created...
[2022-02-16 19:02:09] ../Aerosol/MODIS Aqua C6.1 - Aerosol 5-Min L2 Swath 10km/2002/186/MYD04_L2.A2002186.0335.061.2018003214003_map.png is created...
[2022-02-16 19:02:09] ../Aerosol/MODIS Aqua C6.1 - Aerosol 5-Min L2 Swath 10km/2002/185/MYD04_L2.A2002185.1240.061.2018003215421_map.png is created...
[2022-02-16 19:02:09] ../Aerosol/MODIS Aqua C6.1 - Aerosol 5-Min L2 Swath 10km/2002/186/MYD04_L2.A2002186.0825.061.2018003213920_map.png is created...
[2022-02-16 19:02:10] ../Aerosol/MODIS Aqua C6.1 - Aerosol 5-Min L2 Swath 10km/2002/187/MYD04_L2.A2002187.0430.061.2018003214710_map.png is created...
[2022-02-16 19:02:10] ../Aerosol/MODIS Aqua C6.1 - Aerosol 5-Min L2 Swath 10km/2002/185/MYD04_L2.A2002185.1905.061.2018003214201_map.png is created...
[2022-02-16 19:02:10] ../Aerosol/MODIS Aqua C6.1 - Aerosol 5-Min L2 Swath 10km/2002/185/MYD04_L2.A2002185.1055.061.2018003214235_map.png is created...
[2022-02-16 19:02:10] ../Aerosol/MODIS Aqua C6.1 - Aerosol 5-Min L2 Swath 10km/2002/185/MYD04_L2.A2002185.1915.061.2018003214123_map.png is created...
[2022-02-16 19:02:11] ../Aerosol/MODIS Aqua C6.1 - Aerosol 5-Min L2 Swath 10km/2002/185/MYD04_L2.A2002185.0425.061.2018003214418_map.png is created...
[2022-02-16 19:02:12] ../Aerosol/MODIS Aqua C6.1 - Aerosol 5-Min L2 Swath 10km/2002/185/MYD04_L2.A2002185.0745.061.2018003214905_map.png is created...
[2022-02-16 19:02:14] ../Aerosol/MODIS Aqua C6.1 - Aerosol 5-Min L2 Swath 10km/2002/185/MYD04_L2.A2002185.0430.061.2018003214448_map.png is created...
[2022-02-16 19:02:14] ../Aerosol/MODIS Aqua C6.1 - Aerosol 5-Min L2 Swath 10km/2002/186/MYD04_L2.A2002186.0340.061.2018003214341_map.png is created...
[2022-02-16 19:02:14] ../Aerosol/MODIS Aqua C6.1 - Aerosol 5-Min L2 Swath 10km/2002/185/MYD04_L2.A2002185.0740.061.2018003214442_map.png is created...
[2022-02-16 19:02:15] ../Aerosol/MODIS Aqua C6.1 - Aerosol 5-Min L2 Swath 10km/2002/186/MYD04_L2.A2002186.0505.061.2018003213951_map.png is created...
[2022-02-16 19:02:16] ../Aerosol/MODIS Aqua C6.1 - Aerosol 5-Min L2 Swath 10km/2002/186/MYD04_L2.A2002186.1315.061.2018003213824_map.png is created...
[2022-02-16 19:02:16] ../Aerosol/MODIS Aqua C6.1 - Aerosol 5-Min L2 Swath 10km/2002/186/MYD04_L2.A2002186.1320.061.2018003214635_map.png is created...
[2022-02-16 19:02:17] ../Aerosol/MODIS Aqua C6.1 - Aerosol 5-Min L2 Swath 10km/2002/187/MYD04_L2.A2002187.2020.061.2018003215300_map.png is created...
[2022-02-16 19:02:18] ../Aerosol/MODIS Aqua C6.1 - Aerosol 5-Min L2 Swath 10km/2002/187/MYD04_L2.A2002187.1855.061.2018003215232_map.png is created...
[2022-02-16 19:02:18] ../Aerosol/MODIS Aqua C6.1 - Aerosol 5-Min L2 Swath 10km/2002/186/MYD04_L2.A2002186.0830.061.2018003214128_map.png is created...
[2022-02-16 19:02:20] ../Aerosol/MODIS Aqua C6.1 - Aerosol 5-Min L2 Swath 10km/2002/185/MYD04_L2.A2002185.0925.061.2018003214852_map.png is created...
[2022-02-16 19:02:20] ../Aerosol/MODIS Aqua C6.1 - Aerosol 5-Min L2 Swath 10km/2002/185/MYD04_L2.A2002185.0420.061.2018003214451_map.png is created...
[2022-02-16 19:02:20] ../Aerosol/MODIS Aqua C6.1 - Aerosol 5-Min L2 Swath 10km/2002/186/MYD04_L2.A2002186.0520.061.2018003214254_map.png is created...
[2022-02-16 19:02:21] ../Aerosol/MODIS Aqua C6.1 - Aerosol 5-Min L2 Swath 10km/2002/185/MYD04_L2.A2002185.0605.061.2018003214353_map.png is created...
[2022-02-16 19:02:22] ../Aerosol/MODIS Aqua C6.1 - Aerosol 5-Min L2 Swath 10km/2002/185/MYD04_L2.A2002185.1425.061.2018003214040_map.png is created...
[2022-02-16 19:02:23] ../Aerosol/MODIS Aqua C6.1 - Aerosol 5-Min L2 Swath 10km/2002/186/MYD04_L2.A2002186.1330.061.2018003213852_map.png is created...
[2022-02-16 19:02:23] ../Aerosol/MODIS Aqua C6.1 - Aerosol 5-Min L2 Swath 10km/2002/186/MYD04_L2.A2002186.0650.061.2018003213907_map.png is created...
[2022-02-16 19:02:24] ../Aerosol/MODIS Aqua C6.1 - Aerosol 5-Min L2 Swath 10km/2002/185/MYD04_L2.A2002185.0610.061.2018003214720_map.png is created...
[2022-02-16 19:02:24] ../Aerosol/MODIS Aqua C6.1 - Aerosol 5-Min L2 Swath 10km/2002/186/MYD04_L2.A2002186.0655.061.2018003214023_map.png is created...
[2022-02-16 19:02:25] ../Aerosol/MODIS Aqua C6.1 - Aerosol 5-Min L2 Swath 10km/2002/185/MYD04_L2.A2002185.0750.061.2018003214813_map.png is created...
[2022-02-16 19:02:25] ../Aerosol/MODIS Aqua C6.1 - Aerosol 5-Min L2 Swath 10km/2002/187/MYD04_L2.A2002187.0105.061.2018003214657_map.png is created...
[2022-02-16 19:02:27] ../Aerosol/MODIS Aqua C6.1 - Aerosol 5-Min L2 Swath 10km/2002/185/MYD04_L2.A2002185.0615.061.2018003215021_map.png is created...
[2022-02-16 19:02:28] ../Aerosol/MODIS Aqua C6.1 - Aerosol 5-Min L2 Swath 10km/2002/185/MYD04_L2.A2002185.2240.061.2018003214028_map.png is created...
[2022-02-16 19:02:28] ../Aerosol/MODIS Aqua C6.1 - Aerosol 5-Min L2 Swath 10km/2002/185/MYD04_L2.A2002185.1250.061.2018003214223_map.png is created...
[2022-02-16 19:02:29] ../Aerosol/MODIS Aqua C6.1 - Aerosol 5-Min L2 Swath 10km/2002/185/MYD04_L2.A2002185.1110.061.2018003214649_map.png is created...
[2022-02-16 19:02:30] ../Aerosol/MODIS Aqua C6.1 - Aerosol 5-Min L2 Swath 10km/2002/187/MYD04_L2.A2002187.2230.061.2018003215441_map.png is created...
[2022-02-16 19:02:33] ../Aerosol/MODIS Aqua C6.1 - Aerosol 5-Min L2 Swath 10km/2002/185/MYD04_L2.A2002185.2245.061.2018003213943_map.png is created...
[2022-02-16 19:02:34] ../Aerosol/MODIS Aqua C6.1 - Aerosol 5-Min L2 Swath 10km/2002/185/MYD04_L2.A2002185.2255.061.2018003214258_map.png is created...
[2022-02-16 19:02:35] ../Aerosol/MODIS Aqua C6.1 - Aerosol 5-Min L2 Swath 10km/2002/186/MYD04_L2.A2002186.1345.061.2018003213630_map.png is created...
[2022-02-16 19:02:35] ../Aerosol/MODIS Aqua C6.1 - Aerosol 5-Min L2 Swath 10km/2002/187/MYD04_L2.A2002187.1110.061.2018003215152_map.png is created...
[2022-02-16 19:02:36] ../Aerosol/MODIS Aqua C6.1 - Aerosol 5-Min L2 Swath 10km/2002/187/MYD04_L2.A2002187.2050.061.2018003215704_map.png is created...
[2022-02-16 19:02:36] ../Aerosol/MODIS Aqua C6.1 - Aerosol 5-Min L2 Swath 10km/2002/186/MYD04_L2.A2002186.1015.061.2018003214138_map.png is created...
[2022-02-16 19:02:37] ../Aerosol/MODIS Aqua C6.1 - Aerosol 5-Min L2 Swath 10km/2002/186/MYD04_L2.A2002186.1335.061.2018003213948_map.png is created...
[2022-02-16 19:02:38] ../Aerosol/MODIS Aqua C6.1 - Aerosol 5-Min L2 Swath 10km/2002/186/MYD04_L2.A2002186.1830.061.2018003214045_map.png is created...
[2022-02-16 19:02:38] ../Aerosol/MODIS Aqua C6.1 - Aerosol 5-Min L2 Swath 10km/2002/185/MYD04_L2.A2002185.0805.061.2018003214333_map.png is created...
[2022-02-16 19:02:38] ../Aerosol/MODIS Aqua C6.1 - Aerosol 5-Min L2 Swath 10km/2002/187/MYD04_L2.A2002187.1735.061.2018003215322_map.png is created...
[2022-02-16 19:02:38] ../Aerosol/MODIS Aqua C6.1 - Aerosol 5-Min L2 Swath 10km/2002/185/MYD04_L2.A2002185.1610.061.2018003214041_map.png is created...
[2022-02-16 19:02:38] ../Aerosol/MODIS Aqua C6.1 - Aerosol 5-Min L2 Swath 10km/2002/185/MYD04_L2.A2002185.2105.061.2018003214038_map.png is created...
[2022-02-16 19:02:40] ../Aerosol/MODIS Aqua C6.1 - Aerosol 5-Min L2 Swath 10km/2002/185/MYD04_L2.A2002185.1925.061.2018003214224_map.png is created...
[2022-02-16 19:24:12] ../Aerosol/MODIS Aqua C6.1 - Aerosol 5-Min L2 Swath 3km/2002/185/MYD04_3K.A2002185.0800.061.2018003214342_hist.png is created...
[2022-02-16 19:24:12] ../Aerosol/MODIS Aqua C6.1 - Aerosol 5-Min L2 Swath 3km/2002/185/MYD04_3K.A2002185.0555.061.2018003214341_hist.png is created...
[2022-02-16 19:24:12] ../Aerosol/MODIS Aqua C6.1 - Aerosol 5-Min L2 Swath 3km/2002/185/MYD04_3K.A2002185.0600.061.2018003214357_hist.png is created...
[2022-02-16 19:24:14] ../Aerosol/MODIS Aqua C6.1 - Aerosol 5-Min L2 Swath 3km/2002/185/MYD04_3K.A2002185.1755.061.2018003214241_hist.png is created...
[2022-02-16 19:24:14] ../Aerosol/MODIS Aqua C6.1 - Aerosol 5-Min L2 Swath 3km/2002/185/MYD04_3K.A2002185.1355.061.2018003214237_hist.png is created...
[2022-02-16 19:24:14] ../Aerosol/MODIS Aqua C6.1 - Aerosol 5-Min L2 Swath 3km/2002/185/MYD04_3K.A2002185.0755.061.2018003214627_hist.png is created...
[2022-02-16 19:24:16] ../Aerosol/MODIS Aqua C6.1 - Aerosol 5-Min L2 Swath 3km/2002/185/MYD04_3K.A2002185.1800.061.2018003214206_hist.png is created...
[2022-02-16 19:24:16] ../Aerosol/MODIS Aqua C6.1 - Aerosol 5-Min L2 Swath 3km/2002/185/MYD04_3K.A2002185.1400.061.2018003214202_hist.png is created...
[2022-02-16 19:24:17] ../Aerosol/MODIS Aqua C6.1 - Aerosol 5-Min L2 Swath 3km/2002/185/MYD04_3K.A2002185.1555.061.2018003214055_hist.png is created...
[2022-02-16 19:24:18] ../Aerosol/MODIS Aqua C6.1 - Aerosol 5-Min L2 Swath 3km/2002/185/MYD04_3K.A2002185.1600.061.2018003214023_hist.png is created...
[2022-02-16 19:24:19] ../Aerosol/MODIS Aqua C6.1 - Aerosol 5-Min L2 Swath 3km/2002/186/MYD04_3K.A2002186.0200.061.2018003213934_hist.png is created...
[2022-02-16 19:24:19] ../Aerosol/MODIS Aqua C6.1 - Aerosol 5-Min L2 Swath 3km/2002/185/MYD04_3K.A2002185.1720.061.2018003214011_hist.png is created...
[2022-02-16 19:24:19] ../Aerosol/MODIS Aqua C6.1 - Aerosol 5-Min L2 Swath 3km/2002/186/MYD04_3K.A2002186.0000.061.2018003215121_hist.png is created...
[2022-02-16 19:24:20] ../Aerosol/MODIS Aqua C6.1 - Aerosol 5-Min L2 Swath 3km/2002/186/MYD04_3K.A2002186.0155.061.2018003213954_hist.png is created...
[2022-02-16 19:24:20] ../Aerosol/MODIS Aqua C6.1 - Aerosol 5-Min L2 Swath 3km/2002/185/MYD04_3K.A2002185.2355.061.2018003214352_hist.png is created...
