[2022-02-16 18:24:37] MYD04_3K.A2017001.0125.061.2018029075307.hdf, error: autodetected range of [nan, nan] is not finite
[2022-02-16 18:24:38] MYD04_3K.A2017001.0800.061.2018029074927.hdf, error: autodetected range of [nan, nan] is not finite
[2022-02-16 18:24:39] MYD04_3K.A2017001.0355.061.2018029075041.hdf, error: autodetected range of [nan, nan] is not finite
[2022-02-16 18:24:38] MYD04_3K.A2017001.0215.061.2018029074835.hdf, error: autodetected range of [nan, nan] is not finite
[2022-02-16 18:25:31] MYD04_3K.A2017001.0705.061.2018029075314.hdf, error: 'vertices' must be a 2D list or array with shape Nx2
[2022-02-16 18:25:45] MYD04_3K.A2017001.0000.061.2018029075408.hdf, error: x and y arguments to pcolormesh cannot have non-finite values or be of type numpy.ma.core.MaskedArray with masked values
[2022-02-16 18:38:05] MYD04_3K.A2017001.0125.061.2018029075307.hdf, error: autodetected range of [nan, nan] is not finite
[2022-02-16 18:38:05] MYD04_3K.A2017001.0800.061.2018029074927.hdf, error: autodetected range of [nan, nan] is not finite
[2022-02-16 18:38:05] MYD04_3K.A2017001.0810.061.2018029074846.hdf, error: autodetected range of [nan, nan] is not finite
[2022-02-16 18:38:05] MYD04_3K.A2017001.0355.061.2018029075041.hdf, error: autodetected range of [nan, nan] is not finite
[2022-02-16 18:38:06] MYD04_3K.A2017001.0710.061.2018029074709.hdf, error: autodetected range of [nan, nan] is not finite
[2022-02-16 18:38:06] MYD04_3K.A2017001.0215.061.2018029074835.hdf, error: autodetected range of [nan, nan] is not finite
[2022-02-16 18:38:06] MYD04_3K.A2017001.0445.061.2018029074448.hdf, error: autodetected range of [nan, nan] is not finite
[2022-02-16 18:38:06] MYD04_3K.A2017001.0625.061.2018029075450.hdf, error: autodetected range of [nan, nan] is not finite
[2022-02-16 18:59:34] MYD04_L2.A2002185.0220.061.2018003214943.hdf, error: autodetected range of [nan, nan] is not finite
[2022-02-16 18:59:41] MYD04_L2.A2002185.0400.061.2018003214425.hdf, error: autodetected range of [nan, nan] is not finite
[2022-02-16 18:59:41] MYD04_L2.A2002185.0450.061.2018003214346.hdf, error: autodetected range of [nan, nan] is not finite
[2022-02-16 18:59:55] MYD04_L2.A2002185.1710.061.2018003214311.hdf, error: autodetected range of [nan, nan] is not finite
[2022-02-16 18:59:55] MYD04_L2.A2002186.0940.061.2018003213850.hdf, error: autodetected range of [nan, nan] is not finite
[2022-02-16 19:00:01] MYD04_L2.A2002185.0045.061.2018003214507.hdf, error: x and y arguments to pcolormesh cannot have non-finite values or be of type numpy.ma.core.MaskedArray with masked values
[2022-02-16 19:00:03] MYD04_L2.A2002185.1125.061.2018003214319.hdf, error: autodetected range of [nan, nan] is not finite
[2022-02-16 19:00:04] MYD04_L2.A2002185.2120.061.2018003214051.hdf, error: autodetected range of [nan, nan] is not finite
[2022-02-16 19:00:07] MYD04_L2.A2002185.1305.061.2018003214116.hdf, error: autodetected range of [nan, nan] is not finite
[2022-02-16 19:00:10] MYD04_L2.A2002186.0125.061.2018003213838.hdf, error: autodetected range of [nan, nan] is not finite
[2022-02-16 19:00:14] MYD04_L2.A2002185.1800.061.2018003214300.hdf, error: autodetected range of [nan, nan] is not finite
[2022-02-16 19:00:17] MYD04_L2.A2002186.0850.061.2018003213837.hdf, error: autodetected range of [nan, nan] is not finite
[2022-02-16 19:00:23] MYD04_L2.A2002186.1210.061.2018003213745.hdf, error: autodetected range of [nan, nan] is not finite
[2022-02-16 19:00:24] MYD04_L2.A2002187.0300.061.2018003214915.hdf, error: autodetected range of [nan, nan] is not finite
[2022-02-16 19:00:27] MYD04_L2.A2002188.0430.061.2018003215720.hdf, error: autodetected range of [nan, nan] is not finite
[2022-02-16 19:00:28] MYD04_L2.A2002185.1440.061.2018003214204.hdf, error: autodetected range of [nan, nan] is not finite
[2022-02-16 19:00:36] MYD04_L2.A2002187.1430.061.2018003214944.hdf, error: autodetected range of [nan, nan] is not finite
[2022-02-16 19:00:37] MYD04_L2.A2002186.1615.061.2018003213847.hdf, error: autodetected range of [nan, nan] is not finite
[2022-02-16 19:00:37] MYD04_L2.A2002187.0935.061.2018003214818.hdf, error: autodetected range of [nan, nan] is not finite
[2022-02-16 19:00:38] MYD04_L2.A2002187.1750.061.2018003215050.hdf, error: autodetected range of [nan, nan] is not finite
[2022-02-16 19:00:42] MYD04_L2.A2002185.0540.061.2018003214152.hdf, error: x and y arguments to pcolormesh cannot have non-finite values or be of type numpy.ma.core.MaskedArray with masked values
[2022-02-16 19:00:52] MYD04_L2.A2002187.1520.061.2018003215034.hdf, error: lat_0 must be between -90.000000 and 90.000000 degrees
[2022-02-16 19:00:55] MYD04_L2.A2002187.0030.061.2018003214528.hdf, error: lat_0 must be between -90.000000 and 90.000000 degrees
[2022-02-16 19:01:02] MYD04_L2.A2002185.1215.061.2018003214142.hdf, error: x and y arguments to pcolormesh cannot have non-finite values or be of type numpy.ma.core.MaskedArray with masked values
[2022-02-16 19:01:04] MYD04_L2.A2002185.0130.061.2018003214441.hdf, error: x and y arguments to pcolormesh cannot have non-finite values or be of type numpy.ma.core.MaskedArray with masked values
[2022-02-16 19:01:09] MYD04_L2.A2002186.1300.061.2018003213822.hdf, error: x and y arguments to pcolormesh cannot have non-finite values or be of type numpy.ma.core.MaskedArray with masked values
[2022-02-16 19:01:13] MYD04_L2.A2002186.0305.061.2018003214013.hdf, error: x and y arguments to pcolormesh cannot have non-finite values or be of type numpy.ma.core.MaskedArray with masked values
[2022-02-16 19:01:15] MYD04_L2.A2002187.0845.061.2018003214934.hdf, error: x and y arguments to pcolormesh cannot have non-finite values or be of type numpy.ma.core.MaskedArray with masked values
[2022-02-16 19:01:26] MYD04_L2.A2002186.0445.061.2018003214330.hdf, error: x and y arguments to pcolormesh cannot have non-finite values or be of type numpy.ma.core.MaskedArray with masked values
[2022-02-16 19:01:26] MYD04_L2.A2002187.0350.061.2018003214855.hdf, error: x and y arguments to pcolormesh cannot have non-finite values or be of type numpy.ma.core.MaskedArray with masked values
[2022-02-16 19:01:27] MYD04_L2.A2002185.1755.061.2018003214339.hdf, error: x and y arguments to pcolormesh cannot have non-finite values or be of type numpy.ma.core.MaskedArray with masked values
[2022-02-16 19:01:31] MYD04_L2.A2002185.1355.061.2018003214337.hdf, error: x and y arguments to pcolormesh cannot have non-finite values or be of type numpy.ma.core.MaskedArray with masked values
[2022-02-16 19:01:33] MYD04_L2.A2002185.1535.061.2018003214203.hdf, error: x and y arguments to pcolormesh cannot have non-finite values or be of type numpy.ma.core.MaskedArray with masked values
[2022-02-16 19:01:34] MYD04_L2.A2002185.2210.061.2018003214107.hdf, error: x and y arguments to pcolormesh cannot have non-finite values or be of type numpy.ma.core.MaskedArray with masked values
[2022-02-16 19:01:34] MYD04_L2.A2002185.0720.061.2018003214524.hdf, error: x and y arguments to pcolormesh cannot have non-finite values or be of type numpy.ma.core.MaskedArray with masked values
[2022-02-16 19:01:36] MYD04_L2.A2002186.1200.061.2018003213835.hdf, error: x and y arguments to pcolormesh cannot have non-finite values or be of type numpy.ma.core.MaskedArray with masked values
[2022-02-16 19:01:37] MYD04_L2.A2002185.0800.061.2018003214437.hdf, error: x and y arguments to pcolormesh cannot have non-finite values or be of type numpy.ma.core.MaskedArray with masked values
[2022-02-16 19:01:39] MYD04_L2.A2002187.0210.061.2018003214903.hdf, error: x and y arguments to pcolormesh cannot have non-finite values or be of type numpy.ma.core.MaskedArray with masked values
[2022-02-16 19:01:44] MYD04_L2.A2002187.2335.061.2018003215503.hdf, error: x and y arguments to pcolormesh cannot have non-finite values or be of type numpy.ma.core.MaskedArray with masked values
[2022-02-16 19:01:56] MYD04_L2.A2002187.1840.061.2018003215217.hdf, error: x and y arguments to pcolormesh cannot have non-finite values or be of type numpy.ma.core.MaskedArray with masked values
[2022-02-16 19:02:00] MYD04_L2.A2002185.2030.061.2018003214053.hdf, error: x and y arguments to pcolormesh cannot have non-finite values or be of type numpy.ma.core.MaskedArray with masked values
[2022-02-16 19:02:02] MYD04_L2.A2002186.2155.061.2018003213756.hdf, error: x and y arguments to pcolormesh cannot have non-finite values or be of type numpy.ma.core.MaskedArray with masked values
[2022-02-16 19:02:05] MYD04_L2.A2002185.1620.061.2018003213832.hdf, error: x and y arguments to pcolormesh cannot have non-finite values or be of type numpy.ma.core.MaskedArray with masked values
[2022-02-16 19:02:08] MYD04_L2.A2002185.1720.061.2018003214144.hdf, error: x and y arguments to pcolormesh cannot have non-finite values or be of type numpy.ma.core.MaskedArray with masked values
[2022-02-16 19:02:09] MYD04_L2.A2002186.1935.061.2018003213636.hdf, error: x and y arguments to pcolormesh cannot have non-finite values or be of type numpy.ma.core.MaskedArray with masked values
[2022-02-16 19:02:10] MYD04_L2.A2002186.1755.061.2018003213632.hdf, error: x and y arguments to pcolormesh cannot have non-finite values or be of type numpy.ma.core.MaskedArray with masked values
[2022-02-16 19:02:10] MYD04_L2.A2002187.1400.061.2018003215207.hdf, error: x and y arguments to pcolormesh cannot have non-finite values or be of type numpy.ma.core.MaskedArray with masked values
[2022-02-16 19:02:15] MYD04_L2.A2002186.1525.061.2018003213727.hdf, error: x and y arguments to pcolormesh cannot have non-finite values or be of type numpy.ma.core.MaskedArray with masked values
[2022-02-16 19:02:16] MYD04_L2.A2002186.0200.061.2018003214022.hdf, error: x and y arguments to pcolormesh cannot have non-finite values or be of type numpy.ma.core.MaskedArray with masked values
[2022-02-16 19:02:16] MYD04_L2.A2002185.0600.061.2018003214452.hdf, error: x and y arguments to pcolormesh cannot have non-finite values or be of type numpy.ma.core.MaskedArray with masked values
[2022-02-16 19:02:18] MYD04_L2.A2002185.0555.061.2018003214506.hdf, error: x and y arguments to pcolormesh cannot have non-finite values or be of type numpy.ma.core.MaskedArray with masked values
[2022-02-16 19:02:19] MYD04_L2.A2002187.1925.061.2018003215300.hdf, error: x and y arguments to pcolormesh cannot have non-finite values or be of type numpy.ma.core.MaskedArray with masked values
[2022-02-16 19:02:20] MYD04_L2.A2002187.2105.061.2018003215331.hdf, error: x and y arguments to pcolormesh cannot have non-finite values or be of type numpy.ma.core.MaskedArray with masked values
[2022-02-16 19:02:26] MYD04_L2.A2002186.2340.061.2018003213652.hdf, error: x and y arguments to pcolormesh cannot have non-finite values or be of type numpy.ma.core.MaskedArray with masked values
[2022-02-16 19:02:28] MYD04_L2.A2002186.0215.061.2018003214223.hdf, error: x and y arguments to pcolormesh cannot have non-finite values or be of type numpy.ma.core.MaskedArray with masked values
[2022-02-16 19:02:29] MYD04_L2.A2002186.0035.061.2018003214024.hdf, error: x and y arguments to pcolormesh cannot have non-finite values or be of type numpy.ma.core.MaskedArray with masked values
[2022-02-16 19:02:30] MYD04_L2.A2002187.1250.061.2018003214950.hdf, error: x and y arguments to pcolormesh cannot have non-finite values or be of type numpy.ma.core.MaskedArray with masked values
[2022-02-16 19:02:30] MYD04_L2.A2002188.0520.061.2018003215749.hdf, error: x and y arguments to pcolormesh cannot have non-finite values or be of type numpy.ma.core.MaskedArray with masked values
[2022-02-16 19:02:30] MYD04_L2.A2002185.0310.061.2018003214226.hdf, error: x and y arguments to pcolormesh cannot have non-finite values or be of type numpy.ma.core.MaskedArray with masked values
[2022-02-16 19:02:31] MYD04_L2.A2002188.0340.061.2018003215735.hdf, error: x and y arguments to pcolormesh cannot have non-finite values or be of type numpy.ma.core.MaskedArray with masked values
[2022-02-16 19:02:31] MYD04_L2.A2002187.0435.061.2018003214921.hdf, error: x and y arguments to pcolormesh cannot have non-finite values or be of type numpy.ma.core.MaskedArray with masked values
[2022-02-16 19:02:33] MYD04_L2.A2002185.0945.061.2018003214458.hdf, error: x and y arguments to pcolormesh cannot have non-finite values or be of type numpy.ma.core.MaskedArray with masked values
[2022-02-16 19:02:33] MYD04_L2.A2002187.2245.061.2018003215404.hdf, error: x and y arguments to pcolormesh cannot have non-finite values or be of type numpy.ma.core.MaskedArray with masked values
[2022-02-16 19:02:34] MYD04_L2.A2002186.1155.061.2018003214008.hdf, error: x and y arguments to pcolormesh cannot have non-finite values or be of type numpy.ma.core.MaskedArray with masked values
[2022-02-16 19:02:36] MYD04_L2.A2002187.0755.061.2018003214747.hdf, error: x and y arguments to pcolormesh cannot have non-finite values or be of type numpy.ma.core.MaskedArray with masked values
[2022-02-16 19:02:36] MYD04_L2.A2002186.0710.061.2018003213805.hdf, error: x and y arguments to pcolormesh cannot have non-finite values or be of type numpy.ma.core.MaskedArray with masked values
[2022-02-16 19:02:37] MYD04_L2.A2002187.1555.061.2018003215249.hdf, error: x and y arguments to pcolormesh cannot have non-finite values or be of type numpy.ma.core.MaskedArray with masked values
[2022-02-16 19:02:37] MYD04_L2.A2002187.0615.061.2018003215056.hdf, error: x and y arguments to pcolormesh cannot have non-finite values or be of type numpy.ma.core.MaskedArray with masked values
[2022-02-16 19:24:01] MYD04_3K.A2002185.0220.061.2018003214838.hdf, error: autodetected range of [nan, nan] is not finite
[2022-02-16 19:24:01] MYD04_3K.A2002185.0400.061.2018003214333.hdf, error: autodetected range of [nan, nan] is not finite
[2022-02-16 19:24:02] MYD04_3K.A2002185.0450.061.2018003214248.hdf, error: autodetected range of [nan, nan] is not finite
[2022-02-16 19:24:04] MYD04_3K.A2002185.0630.061.2018003214302.hdf, error: autodetected range of [nan, nan] is not finite
[2022-02-16 19:24:05] MYD04_3K.A2002185.1035.061.2018003214018.hdf, error: autodetected range of [nan, nan] is not finite
[2022-02-16 19:24:06] MYD04_3K.A2002185.1305.061.2018003214020.hdf, error: autodetected range of [nan, nan] is not finite
[2022-02-16 19:24:07] MYD04_3K.A2002185.1710.061.2018003214210.hdf, error: autodetected range of [nan, nan] is not finite
[2022-02-16 19:24:08] MYD04_3K.A2002186.0125.061.2018003213743.hdf, error: autodetected range of [nan, nan] is not finite
[2022-02-16 19:24:08] MYD04_3K.A2002185.1940.061.2018003213922.hdf, error: autodetected range of [nan, nan] is not finite
[2022-02-16 19:24:10] MYD04_3K.A2002185.2120.061.2018003213955.hdf, error: autodetected range of [nan, nan] is not finite
[2022-02-16 19:24:10] MYD04_3K.A2002186.0355.061.2018003214227.hdf, error: autodetected range of [nan, nan] is not finite
[2022-02-16 19:24:16] MYD04_3K.A2002185.0800.061.2018003214342.hdf, error: x and y arguments to pcolormesh cannot have non-finite values or be of type numpy.ma.core.MaskedArray with masked values
[2022-02-16 19:24:17] MYD04_3K.A2002185.1355.061.2018003214237.hdf, error: x and y arguments to pcolormesh cannot have non-finite values or be of type numpy.ma.core.MaskedArray with masked values
[2022-02-16 19:24:18] MYD04_3K.A2002185.1755.061.2018003214241.hdf, error: x and y arguments to pcolormesh cannot have non-finite values or be of type numpy.ma.core.MaskedArray with masked values
[2022-02-16 19:24:18] MYD04_3K.A2002185.1400.061.2018003214202.hdf, error: x and y arguments to pcolormesh cannot have non-finite values or be of type numpy.ma.core.MaskedArray with masked values
[2022-02-16 19:24:20] MYD04_3K.A2002185.1555.061.2018003214055.hdf, error: x and y arguments to pcolormesh cannot have non-finite values or be of type numpy.ma.core.MaskedArray with masked values
[2022-02-16 19:24:20] MYD04_3K.A2002185.0555.061.2018003214341.hdf, error: x and y arguments to pcolormesh cannot have non-finite values or be of type numpy.ma.core.MaskedArray with masked values
[2022-02-16 19:24:20] MYD04_3K.A2002185.0600.061.2018003214357.hdf, error: x and y arguments to pcolormesh cannot have non-finite values or be of type numpy.ma.core.MaskedArray with masked values
[2022-02-16 19:24:21] MYD04_3K.A2002185.2355.061.2018003214352.hdf, error: x and y arguments to pcolormesh cannot have non-finite values or be of type numpy.ma.core.MaskedArray with masked values
[2022-02-16 19:24:21] MYD04_3K.A2002186.0000.061.2018003215121.hdf, error: x and y arguments to pcolormesh cannot have non-finite values or be of type numpy.ma.core.MaskedArray with masked values
[2022-02-16 19:24:23] MYD04_3K.A2002185.1800.061.2018003214206.hdf, error: x and y arguments to pcolormesh cannot have non-finite values or be of type numpy.ma.core.MaskedArray with masked values
[2022-02-16 19:24:23] MYD04_3K.A2002185.1720.061.2018003214011.hdf, error: x and y arguments to pcolormesh cannot have non-finite values or be of type numpy.ma.core.MaskedArray with masked values
[2022-02-16 19:24:23] MYD04_3K.A2002185.1600.061.2018003214023.hdf, error: x and y arguments to pcolormesh cannot have non-finite values or be of type numpy.ma.core.MaskedArray with masked values
[2022-02-16 19:24:24] MYD04_3K.A2002186.0200.061.2018003213934.hdf, error: x and y arguments to pcolormesh cannot have non-finite values or be of type numpy.ma.core.MaskedArray with masked values
[2022-02-16 19:24:24] MYD04_3K.A2002186.0155.061.2018003213954.hdf, error: x and y arguments to pcolormesh cannot have non-finite values or be of type numpy.ma.core.MaskedArray with masked values
[2022-02-16 19:24:25] MYD04_3K.A2002185.0755.061.2018003214627.hdf, error: x and y arguments to pcolormesh cannot have non-finite values or be of type numpy.ma.core.MaskedArray with masked values
